[2016-12-22 16:47:38] :: Request:
VPSProtocol=3.00&TxType=PAYMENT&Vendor=ohpopsicom&VendorTxCode=ohpopsicom-PAYMENT-1482425255-962431712&Amount=25.00&Currency=GBP&Description=Shopping at ohpopsi&BillingSurname=...&BillingFirstnames=...&BillingAddress1=...&BillingCity=...&BillingPostCode=...&BillingCountry=...&DeliverySurname=...&DeliveryFirstnames=...&DeliveryAddress1=...&DeliveryCity=...&DeliveryPostCode=...&DeliveryCountry=...&CustomerName=...&CustomerEMail=...&VendorEMail=...&SendEMail=...&eMailMessage=...&BillingAddress2=...&BillingPhone=...&ApplyAVSCV2=...&Apply3DSecure=...&AllowGiftAid=...&BillingAgreement=...&DeliveryAddress2=...&DeliveryPhone=...&BasketXML=...&SurchargeXML=...&CardType=...&CardNumber=...&ExpiryDate=...&CV2=...&CardHolder=...&AccountType=...
[2016-12-22 16:47:38] :: Response:
{"VPSProtocol":"VPSProtocol=3.00","Status":"Status=OK","StatusDetail":"StatusDetail=0000 : The Authorisation was Successful.","VPSTxId":"VPSTxId={00B624C9-A4C7-8B52-E66B-22C1C27F7F19}","SecurityKey":"...","TxAuthNo":"...","AVSCV2":"...","AddressResult":"...","PostCodeResult":"...","CV2Result":"...","3DSecureStatus":"...","DeclineCode":"...","ExpiryDate":"...","BankAuthCode":"..."}
[2016-12-23 16:05:20] :: Request:
VPSProtocol=3.00&TxType=PAYMENT&Vendor=ohpopsicom&VendorTxCode=ohpopsicom-PAYMENT-1482509118-87486933&Amount=25.00&Currency=GBP&Description=Shopping at ohpopsi&BillingSurname=...&BillingFirstnames=...&BillingAddress1=...&BillingCity=...&BillingPostCode=...&BillingCountry=...&DeliverySurname=...&DeliveryFirstnames=...&DeliveryAddress1=...&DeliveryCity=...&DeliveryPostCode=...&DeliveryCountry=...&CustomerName=...&CustomerEMail=...&VendorEMail=...&SendEMail=...&eMailMessage=...&BillingAddress2=...&BillingPhone=...&ApplyAVSCV2=...&Apply3DSecure=...&AllowGiftAid=...&BillingAgreement=...&DeliveryAddress2=...&DeliveryPhone=...&BasketXML=...&SurchargeXML=...&CardType=...&CardNumber=...&ExpiryDate=...&CV2=...&CardHolder=...&AccountType=...
[2016-12-23 16:05:20] :: Response:
{"VPSProtocol":"VPSProtocol=3.00","Status":"Status=OK","StatusDetail":"StatusDetail=0000 : The Authorisation was Successful.","VPSTxId":"VPSTxId={72F8B34F-636B-84AC-E896-91A0A571AA2C}","SecurityKey":"...","TxAuthNo":"...","AVSCV2":"...","AddressResult":"...","PostCodeResult":"...","CV2Result":"...","3DSecureStatus":"...","DeclineCode":"...","ExpiryDate":"...","BankAuthCode":"..."}
[2016-12-23 16:12:10] :: Request:
VPSProtocol=3.00&TxType=PAYMENT&Vendor=ohpopsicom&VendorTxCode=ohpopsicom-PAYMENT-1482509527-371965645&Amount=25.00&Currency=GBP&Description=Shopping at ohpopsi&BillingSurname=...&BillingFirstnames=...&BillingAddress1=...&BillingCity=...&BillingPostCode=...&BillingCountry=...&DeliverySurname=...&DeliveryFirstnames=...&DeliveryAddress1=...&DeliveryCity=...&DeliveryPostCode=...&DeliveryCountry=...&CustomerName=...&CustomerEMail=...&VendorEMail=...&SendEMail=...&eMailMessage=...&BillingAddress2=...&BillingPhone=...&ApplyAVSCV2=...&Apply3DSecure=...&AllowGiftAid=...&BillingAgreement=...&DeliveryAddress2=...&DeliveryPhone=...&BasketXML=...&SurchargeXML=...&CardType=...&CardNumber=...&ExpiryDate=...&CV2=...&CardHolder=...&AccountType=...
[2016-12-23 16:12:10] :: Response:
{"VPSProtocol":"VPSProtocol=3.00","Status":"Status=OK","StatusDetail":"StatusDetail=0000 : The Authorisation was Successful.","VPSTxId":"VPSTxId={5D223BF5-A084-1333-A9A6-ADAE33B20CCE}","SecurityKey":"...","TxAuthNo":"...","AVSCV2":"...","AddressResult":"...","PostCodeResult":"...","CV2Result":"...","3DSecureStatus":"...","DeclineCode":"...","ExpiryDate":"...","BankAuthCode":"..."}
[2016-12-23 16:13:35] :: Request:
VPSProtocol=3.00&TxType=PAYMENT&Vendor=ohpopsicom&VendorTxCode=ohpopsicom-PAYMENT-1482509613-930384146&Amount=25.00&Currency=GBP&Description=Shopping at ohpopsi&BillingSurname=...&BillingFirstnames=...&BillingAddress1=...&BillingCity=...&BillingPostCode=...&BillingCountry=...&DeliverySurname=...&DeliveryFirstnames=...&DeliveryAddress1=...&DeliveryCity=...&DeliveryPostCode=...&DeliveryCountry=...&CustomerName=...&CustomerEMail=...&VendorEMail=...&SendEMail=...&eMailMessage=...&BillingAddress2=...&BillingPhone=...&ApplyAVSCV2=...&Apply3DSecure=...&AllowGiftAid=...&BillingAgreement=...&DeliveryAddress2=...&DeliveryPhone=...&BasketXML=...&SurchargeXML=...&CardType=...&CardNumber=...&ExpiryDate=...&CV2=...&CardHolder=...&AccountType=...
[2016-12-23 16:13:35] :: Response:
{"VPSProtocol":"VPSProtocol=3.00","Status":"Status=OK","StatusDetail":"StatusDetail=0000 : The Authorisation was Successful.","VPSTxId":"VPSTxId={349179CE-033F-6068-29FB-F4CCDCB9C85F}","SecurityKey":"...","TxAuthNo":"...","AVSCV2":"...","AddressResult":"...","PostCodeResult":"...","CV2Result":"...","3DSecureStatus":"...","DeclineCode":"...","ExpiryDate":"...","BankAuthCode":"..."}
[2016-12-23 16:14:20] :: Request:
VPSProtocol=3.00&TxType=PAYMENT&Vendor=ohpopsicom&VendorTxCode=ohpopsicom-PAYMENT-1482509656-344816482&Amount=25.00&Currency=GBP&Description=Shopping at ohpopsi&BillingSurname=...&BillingFirstnames=...&BillingAddress1=...&BillingCity=...&BillingPostCode=...&BillingCountry=...&DeliverySurname=...&DeliveryFirstnames=...&DeliveryAddress1=...&DeliveryCity=...&DeliveryPostCode=...&DeliveryCountry=...&CustomerName=...&CustomerEMail=...&VendorEMail=...&SendEMail=...&eMailMessage=...&BillingAddress2=...&BillingPhone=...&ApplyAVSCV2=...&Apply3DSecure=...&AllowGiftAid=...&BillingAgreement=...&DeliveryAddress2=...&DeliveryPhone=...&BasketXML=...&SurchargeXML=...&CardType=...&CardNumber=...&ExpiryDate=...&CV2=...&CardHolder=...&AccountType=...
[2016-12-23 16:14:20] :: Response:
{"VPSProtocol":"VPSProtocol=3.00","Status":"Status=OK","StatusDetail":"StatusDetail=0000 : The Authorisation was Successful.","VPSTxId":"VPSTxId={A0511346-899E-6045-5CE2-88A3A2D21C26}","SecurityKey":"...","TxAuthNo":"...","AVSCV2":"...","AddressResult":"...","PostCodeResult":"...","CV2Result":"...","3DSecureStatus":"...","DeclineCode":"...","ExpiryDate":"...","BankAuthCode":"..."}
[2016-12-23 16:23:03] :: Request:
VPSProtocol=3.00&TxType=PAYMENT&Vendor=ohpopsicom&VendorTxCode=ohpopsicom-PAYMENT-1482510180-734507434&Amount=25.00&Currency=GBP&Description=Shopping at ohpopsi&BillingSurname=...&BillingFirstnames=...&BillingAddress1=...&BillingCity=...&BillingPostCode=...&BillingCountry=...&DeliverySurname=...&DeliveryFirstnames=...&DeliveryAddress1=...&DeliveryCity=...&DeliveryPostCode=...&DeliveryCountry=...&CustomerName=...&CustomerEMail=...&VendorEMail=...&SendEMail=...&eMailMessage=...&BillingAddress2=...&BillingPhone=...&ApplyAVSCV2=...&Apply3DSecure=...&AllowGiftAid=...&BillingAgreement=...&DeliveryAddress2=...&DeliveryPhone=...&BasketXML=...&SurchargeXML=...&CardType=...&CardNumber=...&ExpiryDate=...&CV2=...&CardHolder=...&AccountType=...
[2016-12-23 16:23:03] :: Response:
{"VPSProtocol":"VPSProtocol=3.00","Status":"Status=OK","StatusDetail":"StatusDetail=0000 : The Authorisation was Successful.","VPSTxId":"VPSTxId={53CF8A1D-346A-49D8-7405-D9CBC104694E}","SecurityKey":"...","TxAuthNo":"...","AVSCV2":"...","AddressResult":"...","PostCodeResult":"...","CV2Result":"...","3DSecureStatus":"...","DeclineCode":"...","ExpiryDate":"...","BankAuthCode":"..."}
[2016-12-23 16:50:19] :: Request:
VPSProtocol=3.00&TxType=PAYMENT&Vendor=ohpopsicom&VendorTxCode=ohpopsicom-PAYMENT-1482511818-701689833&Amount=25.00&Currency=GBP&Description=Shopping at ohpopsi&BillingSurname=...&BillingFirstnames=...&BillingAddress1=...&BillingCity=...&BillingPostCode=...&BillingCountry=...&DeliverySurname=...&DeliveryFirstnames=...&DeliveryAddress1=...&DeliveryCity=...&DeliveryPostCode=...&DeliveryCountry=...&CustomerName=...&CustomerEMail=...&VendorEMail=...&SendEMail=...&eMailMessage=...&BillingAddress2=...&BillingPhone=...&ApplyAVSCV2=...&Apply3DSecure=...&AllowGiftAid=...&BillingAgreement=...&DeliveryAddress2=...&DeliveryPhone=...&BasketXML=...&SurchargeXML=...&CardType=...&CardNumber=...&ExpiryDate=...&CV2=...&CardHolder=...&AccountType=...
[2016-12-23 16:50:19] :: Response:
{"VPSProtocol":"VPSProtocol=3.00","Status":"Status=3DAUTH","StatusDetail":"StatusDetail=2007 : Please redirect your customer to the ACSURL, passing the MD and PaReq.","3DSecureStatus":"...","MD":"...","ACSURL":"...","PAReq":"..."}
[2016-12-23 16:51:42] :: Request:
PaRes=...&MD=...&MDX=...&vtx=...
[2016-12-23 16:51:42] :: Response:
{"VPSProtocol":"VPSProtocol=3.00","Status":"Status=OK","StatusDetail":"StatusDetail=0000 : The Authorisation was Successful.","VPSTxId":"VPSTxId={D7F7AA15-AFFA-DC4D-6B57-FCE834F4BEFC}","SecurityKey":"...","TxAuthNo":"...","AVSCV2":"...","AddressResult":"...","PostCodeResult":"...","CV2Result":"...","3DSecureStatus":"...","CAVV":"...","DeclineCode":"...","ExpiryDate":"...","BankAuthCode":"..."}
[2016-12-30 12:11:12] :: Request:
VPSProtocol=3.00&TxType=PAYMENT&Vendor=ohpopsicom&VendorTxCode=ohpopsicom-PAYMENT-1483099868-482698224&Amount=3955.93&Currency=GBP&Description=Shopping at ohpopsi&BillingSurname=...&BillingFirstnames=...&BillingAddress1=...&BillingCity=...&BillingPostCode=...&BillingCountry=...&DeliverySurname=...&DeliveryFirstnames=...&DeliveryAddress1=...&DeliveryCity=...&DeliveryPostCode=...&DeliveryCountry=...&CustomerName=...&CustomerEMail=...&VendorEMail=...&SendEMail=...&eMailMessage=...&BillingAddress2=...&BillingPhone=...&ApplyAVSCV2=...&Apply3DSecure=...&AllowGiftAid=...&BillingAgreement=...&DeliveryAddress2=...&DeliveryPhone=...&DeliveryState=...&BasketXML=...&SurchargeXML=...&CardType=...&CardNumber=...&ExpiryDate=...&CV2=...&CardHolder=...&AccountType=...
[2016-12-30 12:11:12] :: Response:
{"VPSProtocol":"VPSProtocol=3.00","Status":"Status=OK","StatusDetail":"StatusDetail=0000 : The Authorisation was Successful.","VPSTxId":"VPSTxId={1210A4C6-1BB3-737B-D2AC-57DB2ED21895}","SecurityKey":"...","TxAuthNo":"...","AVSCV2":"...","AddressResult":"...","PostCodeResult":"...","CV2Result":"...","3DSecureStatus":"...","DeclineCode":"...","ExpiryDate":"...","BankAuthCode":"..."}
[2017-01-02 15:44:41] :: Request:
VPSProtocol=3.00&TxType=PAYMENT&Vendor=ohpopsicom&VendorTxCode=ohpopsicom-PAYMENT-1483371877-684851457&Amount=3435.50&Currency=GBP&Description=Shopping at ohpopsi&BillingSurname=...&BillingFirstnames=...&BillingAddress1=...&BillingCity=...&BillingPostCode=...&BillingCountry=...&DeliverySurname=...&DeliveryFirstnames=...&DeliveryAddress1=...&DeliveryCity=...&DeliveryPostCode=...&DeliveryCountry=...&CustomerName=...&CustomerEMail=...&VendorEMail=...&SendEMail=...&eMailMessage=...&BillingAddress2=...&BillingPhone=...&ApplyAVSCV2=...&Apply3DSecure=...&AllowGiftAid=...&BillingAgreement=...&DeliveryAddress2=...&DeliveryPhone=...&BasketXML=...&SurchargeXML=...&CardType=...&CardNumber=...&ExpiryDate=...&CV2=...&CardHolder=...&AccountType=...
[2017-01-02 15:44:41] :: Response:
{"VPSProtocol":"VPSProtocol=3.00","Status":"Status=OK","StatusDetail":"StatusDetail=0000 : The Authorisation was Successful.","VPSTxId":"VPSTxId={FBEED1DA-6E04-9827-8CD2-1E0F25D53D58}","SecurityKey":"...","TxAuthNo":"...","AVSCV2":"...","AddressResult":"...","PostCodeResult":"...","CV2Result":"...","3DSecureStatus":"...","DeclineCode":"...","ExpiryDate":"...","BankAuthCode":"..."}
[2017-01-02 15:55:38] :: Request:
VPSProtocol=3.00&TxType=PAYMENT&Vendor=ohpopsicom&VendorTxCode=ohpopsicom-PAYMENT-1483372533-377276204&Amount=3435.50&Currency=GBP&Description=Shopping at ohpopsi&BillingSurname=...&BillingFirstnames=...&BillingAddress1=...&BillingCity=...&BillingPostCode=...&BillingCountry=...&DeliverySurname=...&DeliveryFirstnames=...&DeliveryAddress1=...&DeliveryCity=...&DeliveryPostCode=...&DeliveryCountry=...&CustomerName=...&CustomerEMail=...&VendorEMail=...&SendEMail=...&eMailMessage=...&BillingAddress2=...&BillingPhone=...&ApplyAVSCV2=...&Apply3DSecure=...&AllowGiftAid=...&BillingAgreement=...&DeliveryAddress2=...&DeliveryPhone=...&BasketXML=...&SurchargeXML=...&CardType=...&CardNumber=...&ExpiryDate=...&CV2=...&CardHolder=...&AccountType=...
[2017-01-02 15:55:38] :: Response:
{"VPSProtocol":"VPSProtocol=3.00","Status":"Status=OK","StatusDetail":"StatusDetail=0000 : The Authorisation was Successful.","VPSTxId":"VPSTxId={DC38EC8F-5D4E-6127-4653-DABA7477683B}","SecurityKey":"...","TxAuthNo":"...","AVSCV2":"...","AddressResult":"...","PostCodeResult":"...","CV2Result":"...","3DSecureStatus":"...","DeclineCode":"...","ExpiryDate":"...","BankAuthCode":"..."}
[2017-01-02 16:07:33] :: Request:
VPSProtocol=3.00&TxType=PAYMENT&Vendor=ohpopsicom&VendorTxCode=ohpopsicom-PAYMENT-1483373249-421888930&Amount=776.86&Currency=GBP&Description=Shopping at ohpopsi&BillingSurname=...&BillingFirstnames=...&BillingAddress1=...&BillingCity=...&BillingPostCode=...&BillingCountry=...&DeliverySurname=...&DeliveryFirstnames=...&DeliveryAddress1=...&DeliveryCity=...&DeliveryPostCode=...&DeliveryCountry=...&CustomerName=...&CustomerEMail=...&VendorEMail=...&SendEMail=...&eMailMessage=...&BillingAddress2=...&BillingPhone=...&ApplyAVSCV2=...&Apply3DSecure=...&AllowGiftAid=...&BillingAgreement=...&DeliveryAddress2=...&DeliveryPhone=...&BasketXML=...&SurchargeXML=...&CardType=...&CardNumber=...&ExpiryDate=...&CV2=...&CardHolder=...&AccountType=...
[2017-01-02 16:07:33] :: Response:
{"VPSProtocol":"VPSProtocol=3.00","Status":"Status=OK","StatusDetail":"StatusDetail=0000 : The Authorisation was Successful.","VPSTxId":"VPSTxId={94A5F270-74FA-D0CB-AEF7-CC8A9A6D3150}","SecurityKey":"...","TxAuthNo":"...","AVSCV2":"...","AddressResult":"...","PostCodeResult":"...","CV2Result":"...","3DSecureStatus":"...","DeclineCode":"...","ExpiryDate":"...","BankAuthCode":"..."}
[2017-01-02 16:10:14] :: Request:
VPSProtocol=3.00&TxType=PAYMENT&Vendor=ohpopsicom&VendorTxCode=ohpopsicom-PAYMENT-1483373410-593533504&Amount=776.86&Currency=GBP&Description=Shopping at ohpopsi&BillingSurname=...&BillingFirstnames=...&BillingAddress1=...&BillingCity=...&BillingPostCode=...&BillingCountry=...&DeliverySurname=...&DeliveryFirstnames=...&DeliveryAddress1=...&DeliveryCity=...&DeliveryPostCode=...&DeliveryCountry=...&CustomerName=...&CustomerEMail=...&VendorEMail=...&SendEMail=...&eMailMessage=...&BillingAddress2=...&BillingPhone=...&ApplyAVSCV2=...&Apply3DSecure=...&AllowGiftAid=...&BillingAgreement=...&DeliveryAddress2=...&DeliveryPhone=...&BasketXML=...&SurchargeXML=...&CardType=...&CardNumber=...&ExpiryDate=...&CV2=...&CardHolder=...&AccountType=...
[2017-01-02 16:10:14] :: Response:
{"VPSProtocol":"VPSProtocol=3.00","Status":"Status=OK","StatusDetail":"StatusDetail=0000 : The Authorisation was Successful.","VPSTxId":"VPSTxId={F970B379-B9D2-C35C-226C-B0CDEB38B86B}","SecurityKey":"...","TxAuthNo":"...","AVSCV2":"...","AddressResult":"...","PostCodeResult":"...","CV2Result":"...","3DSecureStatus":"...","DeclineCode":"...","ExpiryDate":"...","BankAuthCode":"..."}
[2017-01-04 15:02:46] :: Request:
VPSProtocol=3.00&TxType=PAYMENT&Vendor=ohpopsicom&VendorTxCode=ohpopsicom-PAYMENT-1483542161-771622852&Amount=126.66&Currency=GBP&Description=Shopping at ohpopsi&BillingSurname=...&BillingFirstnames=...&BillingAddress1=...&BillingCity=...&BillingPostCode=...&BillingCountry=...&DeliverySurname=...&DeliveryFirstnames=...&DeliveryAddress1=...&DeliveryCity=...&DeliveryPostCode=...&DeliveryCountry=...&CustomerName=...&CustomerEMail=...&VendorEMail=...&SendEMail=...&eMailMessage=...&BillingAddress2=...&BillingPhone=...&ApplyAVSCV2=...&Apply3DSecure=...&AllowGiftAid=...&BillingAgreement=...&DeliveryAddress2=...&DeliveryPhone=...&BasketXML=...&SurchargeXML=...&CardType=...&CardNumber=...&ExpiryDate=...&CV2=...&CardHolder=...&AccountType=...
[2017-01-04 15:02:46] :: Response:
{"VPSProtocol":"VPSProtocol=3.00","Status":"Status=OK","StatusDetail":"StatusDetail=0000 : The Authorisation was Successful.","VPSTxId":"VPSTxId={F1518C26-16CE-3BAC-B553-4212FDB0DEF5}","SecurityKey":"...","TxAuthNo":"...","AVSCV2":"...","AddressResult":"...","PostCodeResult":"...","CV2Result":"...","3DSecureStatus":"...","DeclineCode":"...","ExpiryDate":"...","BankAuthCode":"..."}
[2017-01-04 17:19:24] :: Request:
VPSProtocol=3.00&TxType=PAYMENT&Vendor=ohpopsicom&VendorTxCode=ohpopsicom-PAYMENT-1483550359-674010744&Amount=1515.98&Currency=GBP&Description=Shopping at ohpopsi&BillingSurname=...&BillingFirstnames=...&BillingAddress1=...&BillingCity=...&BillingPostCode=...&BillingCountry=...&DeliverySurname=...&DeliveryFirstnames=...&DeliveryAddress1=...&DeliveryCity=...&DeliveryPostCode=...&DeliveryCountry=...&CustomerName=...&CustomerEMail=...&VendorEMail=...&SendEMail=...&eMailMessage=...&BillingAddress2=...&BillingPhone=...&ApplyAVSCV2=...&Apply3DSecure=...&AllowGiftAid=...&BillingAgreement=...&DeliveryAddress2=...&DeliveryPhone=...&BasketXML=...&SurchargeXML=...&CardType=...&CardNumber=...&ExpiryDate=...&CV2=...&CardHolder=...&AccountType=...
[2017-01-04 17:19:24] :: Response:
{"VPSProtocol":"VPSProtocol=3.00","Status":"Status=OK","StatusDetail":"StatusDetail=0000 : The Authorisation was Successful.","VPSTxId":"VPSTxId={2B012F99-5F2F-5A62-1B57-9A8C99C9A7C1}","SecurityKey":"...","TxAuthNo":"...","AVSCV2":"...","AddressResult":"...","PostCodeResult":"...","CV2Result":"...","3DSecureStatus":"...","DeclineCode":"...","ExpiryDate":"...","BankAuthCode":"..."}
[2017-01-05 16:53:13] :: Request:
VPSProtocol=3.00&TxType=PAYMENT&Vendor=ohpopsicom&VendorTxCode=ohpopsicom-PAYMENT-1483635189-455075733&Amount=1307.78&Currency=GBP&Description=Shopping at ohpopsi&BillingSurname=...&BillingFirstnames=...&BillingAddress1=...&BillingCity=...&BillingPostCode=...&BillingCountry=...&DeliverySurname=...&DeliveryFirstnames=...&DeliveryAddress1=...&DeliveryCity=...&DeliveryPostCode=...&DeliveryCountry=...&CustomerName=...&CustomerEMail=...&VendorEMail=...&SendEMail=...&eMailMessage=...&BillingAddress2=...&BillingPhone=...&ApplyAVSCV2=...&Apply3DSecure=...&AllowGiftAid=...&BillingAgreement=...&DeliveryAddress2=...&DeliveryPhone=...&BasketXML=...&SurchargeXML=...&CardType=...&CardNumber=...&ExpiryDate=...&CV2=...&CardHolder=...&AccountType=...
[2017-01-05 16:53:13] :: Response:
{"VPSProtocol":"VPSProtocol=3.00","Status":"Status=OK","StatusDetail":"StatusDetail=0000 : The Authorisation was Successful.","VPSTxId":"VPSTxId={95A519B5-D95A-307C-6FEF-29F7BEF6C68E}","SecurityKey":"...","TxAuthNo":"...","AVSCV2":"...","AddressResult":"...","PostCodeResult":"...","CV2Result":"...","3DSecureStatus":"...","DeclineCode":"...","ExpiryDate":"...","BankAuthCode":"..."}
[2017-01-05 16:57:15] :: Request:
VPSProtocol=3.00&TxType=PAYMENT&Vendor=ohpopsicom&VendorTxCode=ohpopsicom-PAYMENT-1483635429-580630181&Amount=535.14&Currency=GBP&Description=Shopping at ohpopsi&BillingSurname=...&BillingFirstnames=...&BillingAddress1=...&BillingCity=...&BillingPostCode=...&BillingCountry=...&DeliverySurname=...&DeliveryFirstnames=...&DeliveryAddress1=...&DeliveryCity=...&DeliveryPostCode=...&DeliveryCountry=...&CustomerName=...&CustomerEMail=...&VendorEMail=...&SendEMail=...&eMailMessage=...&BillingAddress2=...&BillingPhone=...&ApplyAVSCV2=...&Apply3DSecure=...&AllowGiftAid=...&BillingAgreement=...&DeliveryAddress2=...&DeliveryPhone=...&BasketXML=...&SurchargeXML=...&CardType=...&CardNumber=...&ExpiryDate=...&CV2=...&CardHolder=...&AccountType=...
[2017-01-05 16:57:15] :: Response:
{"VPSProtocol":"VPSProtocol=3.00","Status":"Status=OK","StatusDetail":"StatusDetail=0000 : The Authorisation was Successful.","VPSTxId":"VPSTxId={18FB9B76-3098-8459-88E9-F86839192A60}","SecurityKey":"...","TxAuthNo":"...","AVSCV2":"...","AddressResult":"...","PostCodeResult":"...","CV2Result":"...","3DSecureStatus":"...","DeclineCode":"...","ExpiryDate":"...","BankAuthCode":"..."}
[2017-01-05 17:04:22] :: Request:
VPSProtocol=3.00&TxType=PAYMENT&Vendor=ohpopsicom&VendorTxCode=ohpopsicom-PAYMENT-1483635857-304083845&Amount=535.14&Currency=GBP&Description=Shopping at ohpopsi&BillingSurname=...&BillingFirstnames=...&BillingAddress1=...&BillingCity=...&BillingPostCode=...&BillingCountry=...&DeliverySurname=...&DeliveryFirstnames=...&DeliveryAddress1=...&DeliveryCity=...&DeliveryPostCode=...&DeliveryCountry=...&CustomerName=...&CustomerEMail=...&VendorEMail=...&SendEMail=...&eMailMessage=...&BillingAddress2=...&BillingPhone=...&ApplyAVSCV2=...&Apply3DSecure=...&AllowGiftAid=...&BillingAgreement=...&DeliveryAddress2=...&DeliveryPhone=...&BasketXML=...&SurchargeXML=...&CardType=...&CardNumber=...&ExpiryDate=...&CV2=...&CardHolder=...&AccountType=...
[2017-01-05 17:04:22] :: Response:
{"VPSProtocol":"VPSProtocol=3.00","Status":"Status=OK","StatusDetail":"StatusDetail=0000 : The Authorisation was Successful.","VPSTxId":"VPSTxId={B8138DBB-680C-671A-5246-EB93325C18C4}","SecurityKey":"...","TxAuthNo":"...","AVSCV2":"...","AddressResult":"...","PostCodeResult":"...","CV2Result":"...","3DSecureStatus":"...","DeclineCode":"...","ExpiryDate":"...","BankAuthCode":"..."}
[2017-01-05 17:04:47] :: Request:
VPSProtocol=3.00&TxType=PAYMENT&Vendor=ohpopsicom&VendorTxCode=ohpopsicom-PAYMENT-1483635882-334407262&Amount=535.14&Currency=GBP&Description=Shopping at ohpopsi&BillingSurname=...&BillingFirstnames=...&BillingAddress1=...&BillingCity=...&BillingPostCode=...&BillingCountry=...&DeliverySurname=...&DeliveryFirstnames=...&DeliveryAddress1=...&DeliveryCity=...&DeliveryPostCode=...&DeliveryCountry=...&CustomerName=...&CustomerEMail=...&VendorEMail=...&SendEMail=...&eMailMessage=...&BillingAddress2=...&BillingPhone=...&ApplyAVSCV2=...&Apply3DSecure=...&AllowGiftAid=...&BillingAgreement=...&DeliveryAddress2=...&DeliveryPhone=...&BasketXML=...&SurchargeXML=...&CardType=...&CardNumber=...&ExpiryDate=...&CV2=...&CardHolder=...&AccountType=...
[2017-01-05 17:04:47] :: Response:
{"VPSProtocol":"VPSProtocol=3.00","Status":"Status=OK","StatusDetail":"StatusDetail=0000 : The Authorisation was Successful.","VPSTxId":"VPSTxId={BED37427-D304-D27A-C6E4-DB6C91A10177}","SecurityKey":"...","TxAuthNo":"...","AVSCV2":"...","AddressResult":"...","PostCodeResult":"...","CV2Result":"...","3DSecureStatus":"...","DeclineCode":"...","ExpiryDate":"...","BankAuthCode":"..."}
[2017-01-06 15:49:08] :: Request:
VPSProtocol=3.00&TxType=PAYMENT&Vendor=ohpopsicom&VendorTxCode=ohpopsicom-PAYMENT-1483717742-231566353&Amount=253.32&Currency=GBP&Description=Shopping at ohpopsi&BillingSurname=...&BillingFirstnames=...&BillingAddress1=...&BillingCity=...&BillingPostCode=...&BillingCountry=...&DeliverySurname=...&DeliveryFirstnames=...&DeliveryAddress1=...&DeliveryCity=...&DeliveryPostCode=...&DeliveryCountry=...&CustomerName=...&CustomerEMail=...&VendorEMail=...&SendEMail=...&eMailMessage=...&BillingAddress2=...&BillingPhone=...&ApplyAVSCV2=...&Apply3DSecure=...&AllowGiftAid=...&BillingAgreement=...&DeliveryAddress2=...&DeliveryPhone=...&BasketXML=...&SurchargeXML=...&CardType=...&CardNumber=...&ExpiryDate=...&CV2=...&CardHolder=...&AccountType=...
[2017-01-06 15:49:08] :: Response:
{"VPSProtocol":"VPSProtocol=3.00","Status":"Status=OK","StatusDetail":"StatusDetail=0000 : The Authorisation was Successful.","VPSTxId":"VPSTxId={4D49BF63-C829-5298-4CB1-4DE2BEF3D38F}","SecurityKey":"...","TxAuthNo":"...","AVSCV2":"...","AddressResult":"...","PostCodeResult":"...","CV2Result":"...","3DSecureStatus":"...","DeclineCode":"...","ExpiryDate":"...","BankAuthCode":"..."}
[2017-01-06 15:55:07] :: Request:
VPSProtocol=3.00&TxType=PAYMENT&Vendor=ohpopsicom&VendorTxCode=ohpopsicom-PAYMENT-1483718103-803515614&Amount=253.32&Currency=GBP&Description=Shopping at ohpopsi&BillingSurname=...&BillingFirstnames=...&BillingAddress1=...&BillingCity=...&BillingPostCode=...&BillingCountry=...&DeliverySurname=...&DeliveryFirstnames=...&DeliveryAddress1=...&DeliveryCity=...&DeliveryPostCode=...&DeliveryCountry=...&CustomerName=...&CustomerEMail=...&VendorEMail=...&SendEMail=...&eMailMessage=...&BillingAddress2=...&BillingPhone=...&ApplyAVSCV2=...&Apply3DSecure=...&AllowGiftAid=...&BillingAgreement=...&DeliveryAddress2=...&DeliveryPhone=...&BasketXML=...&SurchargeXML=...&CardType=...&CardNumber=...&ExpiryDate=...&CV2=...&CardHolder=...&AccountType=...
[2017-01-06 15:55:07] :: Response:
{"VPSProtocol":"VPSProtocol=3.00","Status":"Status=OK","StatusDetail":"StatusDetail=0000 : The Authorisation was Successful.","VPSTxId":"VPSTxId={A49D39E6-3423-8D19-9D84-35DB706EC4D4}","SecurityKey":"...","TxAuthNo":"...","AVSCV2":"...","AddressResult":"...","PostCodeResult":"...","CV2Result":"...","3DSecureStatus":"...","DeclineCode":"...","ExpiryDate":"...","BankAuthCode":"..."}
[2017-01-06 16:28:02] :: Request:
VPSProtocol=3.00&TxType=PAYMENT&Vendor=ohpopsicom&VendorTxCode=ohpopsicom-PAYMENT-1483720075-325083569&Amount=253.32&Currency=GBP&Description=Shopping at ohpopsi&BillingSurname=...&BillingFirstnames=...&BillingAddress1=...&BillingCity=...&BillingPostCode=...&BillingCountry=...&DeliverySurname=...&DeliveryFirstnames=...&DeliveryAddress1=...&DeliveryCity=...&DeliveryPostCode=...&DeliveryCountry=...&CustomerName=...&CustomerEMail=...&VendorEMail=...&SendEMail=...&eMailMessage=...&BillingAddress2=...&BillingPhone=...&ApplyAVSCV2=...&Apply3DSecure=...&AllowGiftAid=...&BillingAgreement=...&DeliveryAddress2=...&DeliveryPhone=...&BasketXML=...&SurchargeXML=...&CardType=...&CardNumber=...&ExpiryDate=...&CV2=...&CardHolder=...&AccountType=...
[2017-01-06 16:28:02] :: Response:
{"VPSProtocol":"VPSProtocol=3.00","Status":"Status=OK","StatusDetail":"StatusDetail=0000 : The Authorisation was Successful.","VPSTxId":"VPSTxId={123F1271-8B12-B144-5E2F-69DD22D0BB40}","SecurityKey":"...","TxAuthNo":"...","AVSCV2":"...","AddressResult":"...","PostCodeResult":"...","CV2Result":"...","3DSecureStatus":"...","DeclineCode":"...","ExpiryDate":"...","BankAuthCode":"..."}
[2017-01-06 16:30:42] :: Request:
VPSProtocol=3.00&TxType=PAYMENT&Vendor=ohpopsicom&VendorTxCode=ohpopsicom-PAYMENT-1483720236-699026847&Amount=253.32&Currency=GBP&Description=Shopping at ohpopsi&BillingSurname=...&BillingFirstnames=...&BillingAddress1=...&BillingCity=...&BillingPostCode=...&BillingCountry=...&DeliverySurname=...&DeliveryFirstnames=...&DeliveryAddress1=...&DeliveryCity=...&DeliveryPostCode=...&DeliveryCountry=...&CustomerName=...&CustomerEMail=...&VendorEMail=...&SendEMail=...&eMailMessage=...&BillingAddress2=...&BillingPhone=...&ApplyAVSCV2=...&Apply3DSecure=...&AllowGiftAid=...&BillingAgreement=...&DeliveryAddress2=...&DeliveryPhone=...&BasketXML=...&SurchargeXML=...&CardType=...&CardNumber=...&ExpiryDate=...&CV2=...&CardHolder=...&AccountType=...
[2017-01-06 16:30:42] :: Response:
{"VPSProtocol":"VPSProtocol=3.00","Status":"Status=OK","StatusDetail":"StatusDetail=0000 : The Authorisation was Successful.","VPSTxId":"VPSTxId={A595111F-F245-A808-CAF4-7651C1891EDE}","SecurityKey":"...","TxAuthNo":"...","AVSCV2":"...","AddressResult":"...","PostCodeResult":"...","CV2Result":"...","3DSecureStatus":"...","DeclineCode":"...","ExpiryDate":"...","BankAuthCode":"..."}
[2017-01-06 17:57:08] :: Request:
VPSProtocol=3.00&TxType=PAYMENT&Vendor=ohpopsicom&VendorTxCode=ohpopsicom-PAYMENT-1483725423-275343709&Amount=1485.92&Currency=GBP&Description=Shopping at ohpopsi&BillingSurname=...&BillingFirstnames=...&BillingAddress1=...&BillingCity=...&BillingPostCode=...&BillingCountry=...&DeliverySurname=...&DeliveryFirstnames=...&DeliveryAddress1=...&DeliveryCity=...&DeliveryPostCode=...&DeliveryCountry=...&CustomerName=...&CustomerEMail=...&VendorEMail=...&SendEMail=...&eMailMessage=...&BillingAddress2=...&BillingPhone=...&ApplyAVSCV2=...&Apply3DSecure=...&AllowGiftAid=...&BillingAgreement=...&DeliveryAddress2=...&DeliveryPhone=...&BasketXML=...&SurchargeXML=...&CardType=...&CardNumber=...&ExpiryDate=...&CV2=...&CardHolder=...&AccountType=...
[2017-01-06 17:57:08] :: Response:
{"VPSProtocol":"VPSProtocol=3.00","Status":"Status=OK","StatusDetail":"StatusDetail=0000 : The Authorisation was Successful.","VPSTxId":"VPSTxId={9AE11092-2BA0-F8A5-961A-B9471E1524B9}","SecurityKey":"...","TxAuthNo":"...","AVSCV2":"...","AddressResult":"...","PostCodeResult":"...","CV2Result":"...","3DSecureStatus":"...","DeclineCode":"...","ExpiryDate":"...","BankAuthCode":"..."}
[2017-01-07 13:25:15] :: Request:
VPSProtocol=3.00&TxType=PAYMENT&Vendor=ohpopsicom&VendorTxCode=ohpopsicom-PAYMENT-1483795515-946279323&Amount=1869.92&Currency=GBP&Description=Shopping at ohpopsi&BillingSurname=...&BillingFirstnames=...&BillingAddress1=...&BillingCity=...&BillingPostCode=...&BillingCountry=...&DeliverySurname=...&DeliveryFirstnames=...&DeliveryAddress1=...&DeliveryCity=...&DeliveryPostCode=...&DeliveryCountry=...&CustomerName=...&CustomerEMail=...&VendorEMail=...&SendEMail=...&eMailMessage=...&BillingAddress2=...&BillingPhone=...&ApplyAVSCV2=...&Apply3DSecure=...&AllowGiftAid=...&BillingAgreement=...&DeliveryAddress2=...&DeliveryPhone=...&DeliveryState=...&BasketXML=...&SurchargeXML=...&CardType=...&CardNumber=...&ExpiryDate=...&CV2=...&CardHolder=...&AccountType=...
[2017-01-07 13:25:15] :: Response:
{"VPSProtocol":"VPSProtocol=3.00","Status":"Status=INVALID","StatusDetail":"StatusDetail=4020 : Information received from an Invalid IP address.","VPSTxId":"VPSTxId={F6993CFC-1B7E-8E2A-4DD0-7B5AE5365987}","SecurityKey":"..."}
[2017-01-07 13:28:10] :: Request:
VPSProtocol=3.00&TxType=PAYMENT&Vendor=ohpopsicom&VendorTxCode=ohpopsicom-PAYMENT-1483795686-393882709&Amount=1869.92&Currency=GBP&Description=Shopping at ohpopsi&BillingSurname=...&BillingFirstnames=...&BillingAddress1=...&BillingCity=...&BillingPostCode=...&BillingCountry=...&DeliverySurname=...&DeliveryFirstnames=...&DeliveryAddress1=...&DeliveryCity=...&DeliveryPostCode=...&DeliveryCountry=...&CustomerName=...&CustomerEMail=...&VendorEMail=...&SendEMail=...&eMailMessage=...&BillingAddress2=...&BillingPhone=...&ApplyAVSCV2=...&Apply3DSecure=...&AllowGiftAid=...&BillingAgreement=...&DeliveryAddress2=...&DeliveryPhone=...&DeliveryState=...&BasketXML=...&SurchargeXML=...&CardType=...&CardNumber=...&ExpiryDate=...&CV2=...&CardHolder=...&AccountType=...
[2017-01-07 13:28:10] :: Response:
{"VPSProtocol":"VPSProtocol=3.00","Status":"Status=OK","StatusDetail":"StatusDetail=0000 : The Authorisation was Successful.","VPSTxId":"VPSTxId={17DD60B6-DBB5-5DC8-FA65-08463C0999EA}","SecurityKey":"...","TxAuthNo":"...","AVSCV2":"...","AddressResult":"...","PostCodeResult":"...","CV2Result":"...","3DSecureStatus":"...","DeclineCode":"...","ExpiryDate":"...","BankAuthCode":"..."}
[2017-01-09 10:46:24] :: Request:
VPSProtocol=3.00&TxType=PAYMENT&Vendor=ohpopsicom&VendorTxCode=ohpopsicom-PAYMENT-1483958779-139943052&Amount=1869.92&Currency=GBP&Description=Shopping at ohpopsi&BillingSurname=...&BillingFirstnames=...&BillingAddress1=...&BillingCity=...&BillingPostCode=...&BillingCountry=...&DeliverySurname=...&DeliveryFirstnames=...&DeliveryAddress1=...&DeliveryCity=...&DeliveryPostCode=...&DeliveryCountry=...&CustomerName=...&CustomerEMail=...&VendorEMail=...&SendEMail=...&eMailMessage=...&BillingAddress2=...&BillingPhone=...&ApplyAVSCV2=...&Apply3DSecure=...&AllowGiftAid=...&BillingAgreement=...&DeliveryAddress2=...&DeliveryPhone=...&DeliveryState=...&BasketXML=...&SurchargeXML=...&CardType=...&CardNumber=...&ExpiryDate=...&CV2=...&CardHolder=...&AccountType=...
[2017-01-09 10:46:24] :: Response:
{"VPSProtocol":"VPSProtocol=3.00","Status":"Status=OK","StatusDetail":"StatusDetail=0000 : The Authorisation was Successful.","VPSTxId":"VPSTxId={64267C83-C6DB-C147-C10B-EBE77AB3AACD}","SecurityKey":"...","TxAuthNo":"...","AVSCV2":"...","AddressResult":"...","PostCodeResult":"...","CV2Result":"...","3DSecureStatus":"...","DeclineCode":"...","ExpiryDate":"...","BankAuthCode":"..."}
[2017-01-17 14:10:57] :: Request:
VPSProtocol=3.00&TxType=PAYMENT&Vendor=ohpopsicom&VendorTxCode=ohpopsicom-PAYMENT-1484662255-815116217&Amount=71.94&Currency=GBP&Description=Shopping at ohpopsi&BillingSurname=...&BillingFirstnames=...&BillingAddress1=...&BillingCity=...&BillingPostCode=...&BillingCountry=...&DeliverySurname=...&DeliveryFirstnames=...&DeliveryAddress1=...&DeliveryCity=...&DeliveryPostCode=...&DeliveryCountry=...&CustomerName=...&CustomerEMail=...&VendorEMail=...&SendEMail=...&eMailMessage=...&BillingAddress2=...&BillingPhone=...&ApplyAVSCV2=...&Apply3DSecure=...&AllowGiftAid=...&BillingAgreement=...&DeliveryAddress2=...&DeliveryPhone=...&BasketXML=...&SurchargeXML=...&CardType=...&CardNumber=...&ExpiryDate=...&CV2=...&CardHolder=...&AccountType=...
[2017-01-17 14:10:57] :: Response:
{"VPSProtocol":"VPSProtocol=3.00","Status":"Status=OK","StatusDetail":"StatusDetail=0000 : The Authorisation was Successful.","VPSTxId":"VPSTxId={944E89EF-CAF3-C0F6-52DC-1B2002A42ED8}","SecurityKey":"...","TxAuthNo":"...","AVSCV2":"...","AddressResult":"...","PostCodeResult":"...","CV2Result":"...","3DSecureStatus":"...","DeclineCode":"...","ExpiryDate":"...","BankAuthCode":"..."}
[2017-01-17 15:48:17] :: Request:
VPSProtocol=3.00&TxType=PAYMENT&Vendor=ohpopsicom&VendorTxCode=ohpopsicom-PAYMENT-1484668094-808195392&Amount=23.98&Currency=GBP&Description=Shopping at ohpopsi&BillingSurname=...&BillingFirstnames=...&BillingAddress1=...&BillingCity=...&BillingPostCode=...&BillingCountry=...&DeliverySurname=...&DeliveryFirstnames=...&DeliveryAddress1=...&DeliveryCity=...&DeliveryPostCode=...&DeliveryCountry=...&CustomerName=...&CustomerEMail=...&VendorEMail=...&SendEMail=...&eMailMessage=...&BillingAddress2=...&BillingPhone=...&ApplyAVSCV2=...&Apply3DSecure=...&AllowGiftAid=...&BillingAgreement=...&DeliveryAddress2=...&DeliveryPhone=...&BasketXML=...&SurchargeXML=...&CardType=...&CardNumber=...&ExpiryDate=...&CV2=...&CardHolder=...&AccountType=...
[2017-01-17 15:48:17] :: Response:
{"VPSProtocol":"VPSProtocol=3.00","Status":"Status=OK","StatusDetail":"StatusDetail=0000 : The Authorisation was Successful.","VPSTxId":"VPSTxId={1094DAAE-49B1-5222-E5E3-D6980A9CC4A1}","SecurityKey":"...","TxAuthNo":"...","AVSCV2":"...","AddressResult":"...","PostCodeResult":"...","CV2Result":"...","3DSecureStatus":"...","DeclineCode":"...","ExpiryDate":"...","BankAuthCode":"..."}
[2017-01-17 15:52:05] :: Request:
VPSProtocol=3.00&TxType=PAYMENT&Vendor=ohpopsicom&VendorTxCode=ohpopsicom-PAYMENT-1484668324-493359808&Amount=139.05&Currency=GBP&Description=Shopping at ohpopsi&BillingSurname=...&BillingFirstnames=...&BillingAddress1=...&BillingCity=...&BillingPostCode=...&BillingCountry=...&DeliverySurname=...&DeliveryFirstnames=...&DeliveryAddress1=...&DeliveryCity=...&DeliveryPostCode=...&DeliveryCountry=...&CustomerName=...&CustomerEMail=...&VendorEMail=...&SendEMail=...&eMailMessage=...&BillingAddress2=...&BillingPhone=...&ApplyAVSCV2=...&Apply3DSecure=...&AllowGiftAid=...&BillingAgreement=...&DeliveryAddress2=...&DeliveryPhone=...&BasketXML=...&SurchargeXML=...&CardType=...&CardNumber=...&ExpiryDate=...&CV2=...&CardHolder=...&AccountType=...
[2017-01-17 15:52:05] :: Response:
{"VPSProtocol":"VPSProtocol=3.00","Status":"Status=OK","StatusDetail":"StatusDetail=0000 : The Authorisation was Successful.","VPSTxId":"VPSTxId={4A374853-AD90-475F-4672-1B8ACAA5C330}","SecurityKey":"...","TxAuthNo":"...","AVSCV2":"...","AddressResult":"...","PostCodeResult":"...","CV2Result":"...","3DSecureStatus":"...","DeclineCode":"...","ExpiryDate":"...","BankAuthCode":"..."}
[2017-01-18 12:20:49] :: Request:
VPSProtocol=3.00&TxType=PAYMENT&Vendor=ohpopsicom&VendorTxCode=ohpopsicom-PAYMENT-1484742048-298257419&Amount=1800.54&Currency=GBP&Description=Shopping at ohpopsi&BillingSurname=...&BillingFirstnames=...&BillingAddress1=...&BillingCity=...&BillingPostCode=...&BillingCountry=...&DeliverySurname=...&DeliveryFirstnames=...&DeliveryAddress1=...&DeliveryCity=...&DeliveryPostCode=...&DeliveryCountry=...&CustomerName=...&CustomerEMail=...&VendorEMail=...&SendEMail=...&eMailMessage=...&BillingAddress2=...&BillingPhone=...&ApplyAVSCV2=...&Apply3DSecure=...&AllowGiftAid=...&BillingAgreement=...&BillingState=...&DeliveryAddress2=...&DeliveryPhone=...&DeliveryState=...&BasketXML=...&SurchargeXML=...&CardType=...&CardNumber=...&ExpiryDate=...&CV2=...&CardHolder=...&AccountType=...
[2017-01-18 12:20:49] :: Response:
{"VPSProtocol":"VPSProtocol=3.00","Status":"Status=OK","StatusDetail":"StatusDetail=0000 : The Authorisation was Successful.","VPSTxId":"VPSTxId={F30A9542-2A37-3814-C664-AAAF3961CDD0}","SecurityKey":"...","TxAuthNo":"...","AVSCV2":"...","AddressResult":"...","PostCodeResult":"...","CV2Result":"...","3DSecureStatus":"...","DeclineCode":"...","ExpiryDate":"...","BankAuthCode":"..."}
[2017-01-18 15:02:21] :: Request:
VPSProtocol=3.00&TxType=PAYMENT&Vendor=ohpopsicom&VendorTxCode=ohpopsicom-PAYMENT-1484751733-70510859&Amount=350.04&Currency=GBP&Description=Shopping at ohpopsi&BillingSurname=...&BillingFirstnames=...&BillingAddress1=...&BillingCity=...&BillingPostCode=...&BillingCountry=...&DeliverySurname=...&DeliveryFirstnames=...&DeliveryAddress1=...&DeliveryCity=...&DeliveryPostCode=...&DeliveryCountry=...&CustomerName=...&CustomerEMail=...&VendorEMail=...&SendEMail=...&eMailMessage=...&BillingAddress2=...&BillingPhone=...&ApplyAVSCV2=...&Apply3DSecure=...&AllowGiftAid=...&BillingAgreement=...&DeliveryAddress2=...&DeliveryPhone=...&BasketXML=...&SurchargeXML=...&CardType=...&CardNumber=...&ExpiryDate=...&CV2=...&CardHolder=...&AccountType=...
[2017-01-18 15:02:21] :: Response:
{"VPSProtocol":"VPSProtocol=3.00","Status":"Status=OK","StatusDetail":"StatusDetail=0000 : The Authorisation was Successful.","VPSTxId":"VPSTxId={F7240C7B-8E1C-9480-99CD-6A1C89FD725F}","SecurityKey":"...","TxAuthNo":"...","AVSCV2":"...","AddressResult":"...","PostCodeResult":"...","CV2Result":"...","3DSecureStatus":"...","DeclineCode":"...","ExpiryDate":"...","BankAuthCode":"..."}
[2017-01-18 15:08:18] :: Request:
VPSProtocol=3.00&TxType=PAYMENT&Vendor=ohpopsicom&VendorTxCode=ohpopsicom-PAYMENT-1484752096-820917400&Amount=244.84&Currency=GBP&Description=Shopping at ohpopsi&BillingSurname=...&BillingFirstnames=...&BillingAddress1=...&BillingCity=...&BillingPostCode=...&BillingCountry=...&DeliverySurname=...&DeliveryFirstnames=...&DeliveryAddress1=...&DeliveryCity=...&DeliveryPostCode=...&DeliveryCountry=...&CustomerName=...&CustomerEMail=...&VendorEMail=...&SendEMail=...&eMailMessage=...&BillingAddress2=...&BillingPhone=...&ApplyAVSCV2=...&Apply3DSecure=...&AllowGiftAid=...&BillingAgreement=...&DeliveryAddress2=...&DeliveryPhone=...&BasketXML=...&SurchargeXML=...&CardType=...&CardNumber=...&ExpiryDate=...&CV2=...&CardHolder=...&AccountType=...
[2017-01-18 15:08:18] :: Response:
{"VPSProtocol":"VPSProtocol=3.00","Status":"Status=OK","StatusDetail":"StatusDetail=0000 : The Authorisation was Successful.","VPSTxId":"VPSTxId={7427B1FF-A939-0B82-EDF2-D82777FE96D1}","SecurityKey":"...","TxAuthNo":"...","AVSCV2":"...","AddressResult":"...","PostCodeResult":"...","CV2Result":"...","3DSecureStatus":"...","DeclineCode":"...","ExpiryDate":"...","BankAuthCode":"..."}
[2017-01-18 15:18:31] :: Request:
VPSProtocol=3.00&TxType=PAYMENT&Vendor=ohpopsicom&VendorTxCode=ohpopsicom-PAYMENT-1484752709-709463583&Amount=359.91&Currency=GBP&Description=Shopping at ohpopsi&BillingSurname=...&BillingFirstnames=...&BillingAddress1=...&BillingCity=...&BillingPostCode=...&BillingCountry=...&DeliverySurname=...&DeliveryFirstnames=...&DeliveryAddress1=...&DeliveryCity=...&DeliveryPostCode=...&DeliveryCountry=...&CustomerName=...&CustomerEMail=...&VendorEMail=...&SendEMail=...&eMailMessage=...&BillingAddress2=...&BillingPhone=...&ApplyAVSCV2=...&Apply3DSecure=...&AllowGiftAid=...&BillingAgreement=...&DeliveryAddress2=...&DeliveryPhone=...&BasketXML=...&SurchargeXML=...&CardType=...&CardNumber=...&ExpiryDate=...&CV2=...&CardHolder=...&AccountType=...
[2017-01-18 15:18:31] :: Response:
{"VPSProtocol":"VPSProtocol=3.00","Status":"Status=OK","StatusDetail":"StatusDetail=0000 : The Authorisation was Successful.","VPSTxId":"VPSTxId={0F06D134-E1DE-6C01-7AAE-989006209432}","SecurityKey":"...","TxAuthNo":"...","AVSCV2":"...","AddressResult":"...","PostCodeResult":"...","CV2Result":"...","3DSecureStatus":"...","DeclineCode":"...","ExpiryDate":"...","BankAuthCode":"..."}
[2017-01-18 15:22:16] :: Request:
VPSProtocol=3.00&TxType=PAYMENT&Vendor=ohpopsicom&VendorTxCode=ohpopsicom-PAYMENT-1484752934-589657451&Amount=359.91&Currency=GBP&Description=Shopping at ohpopsi&BillingSurname=...&BillingFirstnames=...&BillingAddress1=...&BillingCity=...&BillingPostCode=...&BillingCountry=...&DeliverySurname=...&DeliveryFirstnames=...&DeliveryAddress1=...&DeliveryCity=...&DeliveryPostCode=...&DeliveryCountry=...&CustomerName=...&CustomerEMail=...&VendorEMail=...&SendEMail=...&eMailMessage=...&BillingAddress2=...&BillingPhone=...&ApplyAVSCV2=...&Apply3DSecure=...&AllowGiftAid=...&BillingAgreement=...&DeliveryAddress2=...&DeliveryPhone=...&BasketXML=...&SurchargeXML=...&CardType=...&CardNumber=...&ExpiryDate=...&CV2=...&CardHolder=...&AccountType=...
[2017-01-18 15:22:16] :: Response:
{"VPSProtocol":"VPSProtocol=3.00","Status":"Status=OK","StatusDetail":"StatusDetail=0000 : The Authorisation was Successful.","VPSTxId":"VPSTxId={E72A8356-7EC2-34C1-A176-70D8170C9606}","SecurityKey":"...","TxAuthNo":"...","AVSCV2":"...","AddressResult":"...","PostCodeResult":"...","CV2Result":"...","3DSecureStatus":"...","DeclineCode":"...","ExpiryDate":"...","BankAuthCode":"..."}
[2017-01-18 15:37:20] :: Request:
VPSProtocol=3.00&TxType=PAYMENT&Vendor=ohpopsicom&VendorTxCode=ohpopsicom-PAYMENT-1484753839-644275590&Amount=163.03&Currency=GBP&Description=Shopping at ohpopsi&BillingSurname=...&BillingFirstnames=...&BillingAddress1=...&BillingCity=...&BillingPostCode=...&BillingCountry=...&DeliverySurname=...&DeliveryFirstnames=...&DeliveryAddress1=...&DeliveryCity=...&DeliveryPostCode=...&DeliveryCountry=...&CustomerName=...&CustomerEMail=...&VendorEMail=...&SendEMail=...&eMailMessage=...&BillingAddress2=...&BillingPhone=...&ApplyAVSCV2=...&Apply3DSecure=...&AllowGiftAid=...&BillingAgreement=...&DeliveryAddress2=...&DeliveryPhone=...&BasketXML=...&SurchargeXML=...&CardType=...&CardNumber=...&ExpiryDate=...&CV2=...&CardHolder=...&AccountType=...
[2017-01-18 15:37:20] :: Response:
{"VPSProtocol":"VPSProtocol=3.00","Status":"Status=OK","StatusDetail":"StatusDetail=0000 : The Authorisation was Successful.","VPSTxId":"VPSTxId={236541B4-D99F-A11E-27C9-29F654EA8B82}","SecurityKey":"...","TxAuthNo":"...","AVSCV2":"...","AddressResult":"...","PostCodeResult":"...","CV2Result":"...","3DSecureStatus":"...","DeclineCode":"...","ExpiryDate":"...","BankAuthCode":"..."}
[2017-01-19 17:35:19] :: Request:
VPSProtocol=3.00&TxType=PAYMENT&Vendor=ohpopsicom&VendorTxCode=ohpopsicom-PAYMENT-1484847314-266154777&Amount=210.97&Currency=GBP&Description=Shopping at ohpopsi&BillingSurname=...&BillingFirstnames=...&BillingAddress1=...&BillingCity=...&BillingPostCode=...&BillingCountry=...&DeliverySurname=...&DeliveryFirstnames=...&DeliveryAddress1=...&DeliveryCity=...&DeliveryPostCode=...&DeliveryCountry=...&CustomerName=...&CustomerEMail=...&VendorEMail=...&SendEMail=...&eMailMessage=...&BillingAddress2=...&BillingPhone=...&ApplyAVSCV2=...&Apply3DSecure=...&AllowGiftAid=...&BillingAgreement=...&DeliveryAddress2=...&DeliveryPhone=...&BasketXML=...&SurchargeXML=...&CardType=...&CardNumber=...&ExpiryDate=...&CV2=...&CardHolder=...&AccountType=...
[2017-01-19 17:35:19] :: Response:
{"VPSProtocol":"VPSProtocol=3.00","Status":"Status=OK","StatusDetail":"StatusDetail=0000 : The Authorisation was Successful.","VPSTxId":"VPSTxId={6E247A81-233E-FB98-B7E4-D85FA21C6532}","SecurityKey":"...","TxAuthNo":"...","AVSCV2":"...","AddressResult":"...","PostCodeResult":"...","CV2Result":"...","3DSecureStatus":"...","DeclineCode":"...","ExpiryDate":"...","BankAuthCode":"..."}
[2017-01-24 10:12:50] :: Request:
VPSProtocol=3.00&TxType=PAYMENT&Vendor=ohpopsicom&VendorTxCode=ohpopsicom-PAYMENT-1485252768-249252326&Amount=23.98&Currency=GBP&Description=Shopping at ohpopsi&BillingSurname=...&BillingFirstnames=...&BillingAddress1=...&BillingCity=...&BillingPostCode=...&BillingCountry=...&DeliverySurname=...&DeliveryFirstnames=...&DeliveryAddress1=...&DeliveryCity=...&DeliveryPostCode=...&DeliveryCountry=...&CustomerName=...&CustomerEMail=...&VendorEMail=...&SendEMail=...&eMailMessage=...&BillingAddress2=...&BillingPhone=...&ApplyAVSCV2=...&Apply3DSecure=...&AllowGiftAid=...&BillingAgreement=...&DeliveryAddress2=...&DeliveryPhone=...&BasketXML=...&SurchargeXML=...&CardType=...&CardNumber=...&ExpiryDate=...&CV2=...&CardHolder=...&AccountType=...
[2017-01-24 10:12:50] :: Response:
{"VPSProtocol":"VPSProtocol=3.00","Status":"Status=OK","StatusDetail":"StatusDetail=0000 : The Authorisation was Successful.","VPSTxId":"VPSTxId={DEF8FBFC-2FEC-0F79-19B4-B49B0575B59F}","SecurityKey":"...","TxAuthNo":"...","AVSCV2":"...","AddressResult":"...","PostCodeResult":"...","CV2Result":"...","3DSecureStatus":"...","DeclineCode":"...","ExpiryDate":"...","BankAuthCode":"..."}
[2017-01-25 18:16:59] :: Request:
VPSProtocol=3.00&TxType=PAYMENT&Vendor=ohpopsicom&VendorTxCode=ohpopsicom-PAYMENT-1485368217-292610456&Amount=245.99&Currency=GBP&Description=Shopping at ohpopsi&BillingSurname=...&BillingFirstnames=...&BillingAddress1=...&BillingCity=...&BillingPostCode=...&BillingCountry=...&DeliverySurname=...&DeliveryFirstnames=...&DeliveryAddress1=...&DeliveryCity=...&DeliveryPostCode=...&DeliveryCountry=...&CustomerName=...&CustomerEMail=...&VendorEMail=...&SendEMail=...&eMailMessage=...&BillingAddress2=...&BillingPhone=...&ApplyAVSCV2=...&Apply3DSecure=...&AllowGiftAid=...&BillingAgreement=...&DeliveryAddress2=...&DeliveryPhone=...&DeliveryState=...&BasketXML=...&SurchargeXML=...&CardType=...&CardNumber=...&ExpiryDate=...&CV2=...&CardHolder=...&AccountType=...
[2017-01-25 18:16:59] :: Response:
{"VPSProtocol":"VPSProtocol=3.00","Status":"Status=OK","StatusDetail":"StatusDetail=0000 : The Authorisation was Successful.","VPSTxId":"VPSTxId={0BCF2A46-05C3-ACA1-BAE6-9812DC7822FD}","SecurityKey":"...","TxAuthNo":"...","AVSCV2":"...","AddressResult":"...","PostCodeResult":"...","CV2Result":"...","3DSecureStatus":"...","DeclineCode":"...","ExpiryDate":"...","BankAuthCode":"..."}
[2017-01-25 19:25:35] :: Request:
VPSProtocol=3.00&TxType=PAYMENT&Vendor=ohpopsicom&VendorTxCode=ohpopsicom-PAYMENT-1485372333-773508114&Amount=239.34&Currency=GBP&Description=Shopping at ohpopsi&BillingSurname=...&BillingFirstnames=...&BillingAddress1=...&BillingCity=...&BillingPostCode=...&BillingCountry=...&DeliverySurname=...&DeliveryFirstnames=...&DeliveryAddress1=...&DeliveryCity=...&DeliveryPostCode=...&DeliveryCountry=...&CustomerName=...&CustomerEMail=...&VendorEMail=...&SendEMail=...&eMailMessage=...&BillingAddress2=...&BillingPhone=...&ApplyAVSCV2=...&Apply3DSecure=...&AllowGiftAid=...&BillingAgreement=...&BillingState=...&DeliveryAddress2=...&DeliveryPhone=...&DeliveryState=...&BasketXML=...&SurchargeXML=...&CardType=...&CardNumber=...&ExpiryDate=...&CV2=...&CardHolder=...&AccountType=...
[2017-01-25 19:25:35] :: Response:
{"VPSProtocol":"VPSProtocol=3.00","Status":"Status=OK","StatusDetail":"StatusDetail=0000 : The Authorisation was Successful.","VPSTxId":"VPSTxId={7A2C1F5E-C83E-8900-8481-87F564C4E9CD}","SecurityKey":"...","TxAuthNo":"...","AVSCV2":"...","AddressResult":"...","PostCodeResult":"...","CV2Result":"...","3DSecureStatus":"...","DeclineCode":"...","ExpiryDate":"...","BankAuthCode":"..."}
[2017-01-28 13:36:10] :: Request:
VPSProtocol=3.00&TxType=PAYMENT&Vendor=ohpopsicom&VendorTxCode=ohpopsicom-PAYMENT-1485610569-854183346&Amount=181.67&Currency=GBP&Description=Shopping at ohpopsi&BillingSurname=...&BillingFirstnames=...&BillingAddress1=...&BillingCity=...&BillingPostCode=...&BillingCountry=...&DeliverySurname=...&DeliveryFirstnames=...&DeliveryAddress1=...&DeliveryCity=...&DeliveryPostCode=...&DeliveryCountry=...&CustomerName=...&CustomerEMail=...&VendorEMail=...&SendEMail=...&eMailMessage=...&BillingAddress2=...&BillingPhone=...&ApplyAVSCV2=...&Apply3DSecure=...&AllowGiftAid=...&BillingAgreement=...&BillingState=...&DeliveryAddress2=...&DeliveryPhone=...&BasketXML=...&SurchargeXML=...&CardType=...&CardNumber=...&ExpiryDate=...&CV2=...&CardHolder=...&AccountType=...
[2017-01-28 13:36:10] :: Response:
{"VPSProtocol":"VPSProtocol=3.00","Status":"Status=INVALID","StatusDetail":"StatusDetail=4020 : Information received from an Invalid IP address.","VPSTxId":"VPSTxId={376B4031-24B6-DC6F-55CF-26BA6773535A}","SecurityKey":"..."}
[2017-01-28 13:42:53] :: Request:
VPSProtocol=3.00&TxType=PAYMENT&Vendor=ohpopsicom&VendorTxCode=ohpopsicom-PAYMENT-1485610971-730053908&Amount=181.67&Currency=GBP&Description=Shopping at ohpopsi&BillingSurname=...&BillingFirstnames=...&BillingAddress1=...&BillingCity=...&BillingPostCode=...&BillingCountry=...&DeliverySurname=...&DeliveryFirstnames=...&DeliveryAddress1=...&DeliveryCity=...&DeliveryPostCode=...&DeliveryCountry=...&CustomerName=...&CustomerEMail=...&VendorEMail=...&SendEMail=...&eMailMessage=...&BillingAddress2=...&BillingPhone=...&ApplyAVSCV2=...&Apply3DSecure=...&AllowGiftAid=...&BillingAgreement=...&BillingState=...&DeliveryAddress2=...&DeliveryPhone=...&BasketXML=...&SurchargeXML=...&CardType=...&CardNumber=...&ExpiryDate=...&CV2=...&CardHolder=...&AccountType=...
[2017-01-28 13:42:53] :: Response:
{"VPSProtocol":"VPSProtocol=3.00","Status":"Status=OK","StatusDetail":"StatusDetail=0000 : The Authorisation was Successful.","VPSTxId":"VPSTxId={AAAD4B12-EDA5-B400-A8B0-2734A71FC051}","SecurityKey":"...","TxAuthNo":"...","AVSCV2":"...","AddressResult":"...","PostCodeResult":"...","CV2Result":"...","3DSecureStatus":"...","DeclineCode":"...","ExpiryDate":"...","BankAuthCode":"..."}
[2017-01-30 16:03:05] :: Request:
VPSProtocol=3.00&TxType=PAYMENT&Vendor=ohpopsicom&VendorTxCode=ohpopsicom-PAYMENT-1485792183-724002006&Amount=345.34&Currency=GBP&Description=Shopping at ohpopsi&BillingSurname=...&BillingFirstnames=...&BillingAddress1=...&BillingCity=...&BillingPostCode=...&BillingCountry=...&DeliverySurname=...&DeliveryFirstnames=...&DeliveryAddress1=...&DeliveryCity=...&DeliveryPostCode=...&DeliveryCountry=...&CustomerName=...&CustomerEMail=...&VendorEMail=...&SendEMail=...&eMailMessage=...&BillingAddress2=...&BillingPhone=...&ApplyAVSCV2=...&Apply3DSecure=...&AllowGiftAid=...&BillingAgreement=...&DeliveryAddress2=...&DeliveryPhone=...&DeliveryState=...&BasketXML=...&SurchargeXML=...&CardType=...&CardNumber=...&ExpiryDate=...&CV2=...&CardHolder=...&AccountType=...
[2017-01-30 16:03:05] :: Response:
{"VPSProtocol":"VPSProtocol=3.00","Status":"Status=OK","StatusDetail":"StatusDetail=0000 : The Authorisation was Successful.","VPSTxId":"VPSTxId={45248C08-4D51-1CBE-2436-2ED50030073E}","SecurityKey":"...","TxAuthNo":"...","AVSCV2":"...","AddressResult":"...","PostCodeResult":"...","CV2Result":"...","3DSecureStatus":"...","DeclineCode":"...","ExpiryDate":"...","BankAuthCode":"..."}
[2017-01-31 14:03:15] :: Request:
VPSProtocol=3.00&TxType=PAYMENT&Vendor=ohpopsicom&VendorTxCode=ohpopsicom-PAYMENT-1485871393-161445001&Amount=305.18&Currency=GBP&Description=Shopping at ohpopsi&BillingSurname=...&BillingFirstnames=...&BillingAddress1=...&BillingCity=...&BillingPostCode=...&BillingCountry=...&DeliverySurname=...&DeliveryFirstnames=...&DeliveryAddress1=...&DeliveryCity=...&DeliveryPostCode=...&DeliveryCountry=...&CustomerName=...&CustomerEMail=...&VendorEMail=...&SendEMail=...&eMailMessage=...&BillingAddress2=...&BillingPhone=...&ApplyAVSCV2=...&Apply3DSecure=...&AllowGiftAid=...&BillingAgreement=...&DeliveryAddress2=...&DeliveryPhone=...&DeliveryState=...&BasketXML=...&SurchargeXML=...&CardType=...&CardNumber=...&ExpiryDate=...&CV2=...&CardHolder=...&AccountType=...
[2017-01-31 14:03:15] :: Response:
{"VPSProtocol":"VPSProtocol=3.00","Status":"Status=OK","StatusDetail":"StatusDetail=0000 : The Authorisation was Successful.","VPSTxId":"VPSTxId={B36EC4A7-D05E-4039-2E1B-E2F7D417E35B}","SecurityKey":"...","TxAuthNo":"...","AVSCV2":"...","AddressResult":"...","PostCodeResult":"...","CV2Result":"...","3DSecureStatus":"...","DeclineCode":"...","ExpiryDate":"...","BankAuthCode":"..."}
[2017-02-02 16:15:25] :: Request:
VPSProtocol=3.00&TxType=PAYMENT&Vendor=ohpopsicom&VendorTxCode=ohpopsicom-PAYMENT-1486052123-408300451&Amount=220.86&Currency=GBP&Description=Shopping at ohpopsi&BillingSurname=...&BillingFirstnames=...&BillingAddress1=...&BillingCity=...&BillingPostCode=...&BillingCountry=...&DeliverySurname=...&DeliveryFirstnames=...&DeliveryAddress1=...&DeliveryCity=...&DeliveryPostCode=...&DeliveryCountry=...&CustomerName=...&CustomerEMail=...&VendorEMail=...&SendEMail=...&eMailMessage=...&BillingAddress2=...&BillingPhone=...&ApplyAVSCV2=...&Apply3DSecure=...&AllowGiftAid=...&BillingAgreement=...&DeliveryAddress2=...&DeliveryPhone=...&BasketXML=...&SurchargeXML=...&CardType=...&CardNumber=...&ExpiryDate=...&CV2=...&CardHolder=...&AccountType=...
[2017-02-02 16:15:25] :: Response:
{"VPSProtocol":"VPSProtocol=3.00","Status":"Status=OK","StatusDetail":"StatusDetail=0000 : The Authorisation was Successful.","VPSTxId":"VPSTxId={F5A7E694-24A2-B097-17D1-C82D83DDFB6D}","SecurityKey":"...","TxAuthNo":"...","AVSCV2":"...","AddressResult":"...","PostCodeResult":"...","CV2Result":"...","3DSecureStatus":"...","DeclineCode":"...","ExpiryDate":"...","BankAuthCode":"..."}
[2017-02-03 12:53:40] :: Request:
VPSProtocol=3.00&TxType=PAYMENT&Vendor=ohpopsicom&VendorTxCode=ohpopsicom-PAYMENT-1486126418-623061601&Amount=139.05&Currency=GBP&Description=Shopping at ohpopsi&BillingSurname=...&BillingFirstnames=...&BillingAddress1=...&BillingCity=...&BillingPostCode=...&BillingCountry=...&DeliverySurname=...&DeliveryFirstnames=...&DeliveryAddress1=...&DeliveryCity=...&DeliveryPostCode=...&DeliveryCountry=...&CustomerName=...&CustomerEMail=...&VendorEMail=...&SendEMail=...&eMailMessage=...&BillingAddress2=...&BillingPhone=...&ApplyAVSCV2=...&Apply3DSecure=...&AllowGiftAid=...&BillingAgreement=...&DeliveryAddress2=...&DeliveryPhone=...&BasketXML=...&SurchargeXML=...&CardType=...&CardNumber=...&ExpiryDate=...&CV2=...&CardHolder=...&AccountType=...
[2017-02-03 12:53:40] :: Response:
{"VPSProtocol":"VPSProtocol=3.00","Status":"Status=OK","StatusDetail":"StatusDetail=0000 : The Authorisation was Successful.","VPSTxId":"VPSTxId={313D495C-D499-51CA-42E7-732BF7169CDF}","SecurityKey":"...","TxAuthNo":"...","AVSCV2":"...","AddressResult":"...","PostCodeResult":"...","CV2Result":"...","3DSecureStatus":"...","DeclineCode":"...","ExpiryDate":"...","BankAuthCode":"..."}
[2017-02-06 11:43:45] :: Request:
VPSProtocol=3.00&TxType=PAYMENT&Vendor=ohpopsicom&VendorTxCode=ohpopsicom-PAYMENT-1486381423-340620295&Amount=322.41&Currency=GBP&Description=Shopping at ohpopsi&BillingSurname=...&BillingFirstnames=...&BillingAddress1=...&BillingCity=...&BillingPostCode=...&BillingCountry=...&DeliverySurname=...&DeliveryFirstnames=...&DeliveryAddress1=...&DeliveryCity=...&DeliveryPostCode=...&DeliveryCountry=...&CustomerName=...&CustomerEMail=...&VendorEMail=...&SendEMail=...&eMailMessage=...&BillingAddress2=...&BillingPhone=...&ApplyAVSCV2=...&Apply3DSecure=...&AllowGiftAid=...&BillingAgreement=...&DeliveryAddress2=...&DeliveryPhone=...&DeliveryState=...&BasketXML=...&SurchargeXML=...&CardType=...&CardNumber=...&ExpiryDate=...&CV2=...&CardHolder=...&AccountType=...
[2017-02-06 11:43:45] :: Response:
{"VPSProtocol":"VPSProtocol=3.00","Status":"Status=OK","StatusDetail":"StatusDetail=0000 : The Authorisation was Successful.","VPSTxId":"VPSTxId={3C61B5CF-3D51-DC70-000F-8E42376AF49A}","SecurityKey":"...","TxAuthNo":"...","AVSCV2":"...","AddressResult":"...","PostCodeResult":"...","CV2Result":"...","3DSecureStatus":"...","DeclineCode":"...","ExpiryDate":"...","BankAuthCode":"..."}
[2017-02-07 10:59:56] :: Request:
VPSProtocol=3.00&TxType=PAYMENT&Vendor=ohpopsicom&VendorTxCode=ohpopsicom-PAYMENT-1486465194-270108231&Amount=719.40&Currency=GBP&Description=Shopping at ohpopsi&BillingSurname=...&BillingFirstnames=...&BillingAddress1=...&BillingCity=...&BillingPostCode=...&BillingCountry=...&DeliverySurname=...&DeliveryFirstnames=...&DeliveryAddress1=...&DeliveryCity=...&DeliveryPostCode=...&DeliveryCountry=...&CustomerName=...&CustomerEMail=...&VendorEMail=...&SendEMail=...&eMailMessage=...&BillingAddress2=...&BillingPhone=...&ApplyAVSCV2=...&Apply3DSecure=...&AllowGiftAid=...&BillingAgreement=...&DeliveryAddress2=...&DeliveryPhone=...&BasketXML=...&SurchargeXML=...&CardType=...&CardNumber=...&ExpiryDate=...&CV2=...&CardHolder=...&AccountType=...
[2017-02-07 10:59:56] :: Response:
{"VPSProtocol":"VPSProtocol=3.00","Status":"Status=OK","StatusDetail":"StatusDetail=0000 : The Authorisation was Successful.","VPSTxId":"VPSTxId={6390131E-6F2B-DEDE-DA47-EE2C62C16ED3}","SecurityKey":"...","TxAuthNo":"...","AVSCV2":"...","AddressResult":"...","PostCodeResult":"...","CV2Result":"...","3DSecureStatus":"...","DeclineCode":"...","ExpiryDate":"...","BankAuthCode":"..."}
[2017-02-07 11:29:11] :: Request:
VPSProtocol=3.00&TxType=PAYMENT&Vendor=ohpopsicom&VendorTxCode=ohpopsicom-PAYMENT-1486466950-719774078&Amount=179.85&Currency=GBP&Description=Shopping at ohpopsi&BillingSurname=...&BillingFirstnames=...&BillingAddress1=...&BillingCity=...&BillingPostCode=...&BillingCountry=...&DeliverySurname=...&DeliveryFirstnames=...&DeliveryAddress1=...&DeliveryCity=...&DeliveryPostCode=...&DeliveryCountry=...&CustomerName=...&CustomerEMail=...&VendorEMail=...&SendEMail=...&eMailMessage=...&BillingAddress2=...&BillingPhone=...&ApplyAVSCV2=...&Apply3DSecure=...&AllowGiftAid=...&BillingAgreement=...&BillingState=...&DeliveryAddress2=...&DeliveryPhone=...&BasketXML=...&SurchargeXML=...&CardType=...&CardNumber=...&ExpiryDate=...&CV2=...&CardHolder=...&AccountType=...
[2017-02-07 11:29:11] :: Response:
{"VPSProtocol":"VPSProtocol=3.00","Status":"Status=OK","StatusDetail":"StatusDetail=0000 : The Authorisation was Successful.","VPSTxId":"VPSTxId={2A091CAE-5B7A-752F-4B22-1607D304A3F6}","SecurityKey":"...","TxAuthNo":"...","AVSCV2":"...","AddressResult":"...","PostCodeResult":"...","CV2Result":"...","3DSecureStatus":"...","DeclineCode":"...","ExpiryDate":"...","BankAuthCode":"..."}
[2017-02-10 16:16:43] :: Request:
VPSProtocol=3.00&TxType=PAYMENT&Vendor=ohpopsicom&VendorTxCode=ohpopsicom-PAYMENT-1486743401-6794986&Amount=139.05&Currency=GBP&Description=Shopping at ohpopsi&BillingSurname=...&BillingFirstnames=...&BillingAddress1=...&BillingCity=...&BillingPostCode=...&BillingCountry=...&DeliverySurname=...&DeliveryFirstnames=...&DeliveryAddress1=...&DeliveryCity=...&DeliveryPostCode=...&DeliveryCountry=...&CustomerName=...&CustomerEMail=...&VendorEMail=...&SendEMail=...&eMailMessage=...&BillingAddress2=...&BillingPhone=...&ApplyAVSCV2=...&Apply3DSecure=...&AllowGiftAid=...&BillingAgreement=...&DeliveryAddress2=...&DeliveryPhone=...&BasketXML=...&SurchargeXML=...&CardType=...&CardNumber=...&ExpiryDate=...&CV2=...&CardHolder=...&AccountType=...
[2017-02-10 16:16:43] :: Response:
{"VPSProtocol":"VPSProtocol=3.00","Status":"Status=OK","StatusDetail":"StatusDetail=0000 : The Authorisation was Successful.","VPSTxId":"VPSTxId={9626D59E-B8C3-F52C-C142-591CF733F353}","SecurityKey":"...","TxAuthNo":"...","AVSCV2":"...","AddressResult":"...","PostCodeResult":"...","CV2Result":"...","3DSecureStatus":"...","DeclineCode":"...","ExpiryDate":"...","BankAuthCode":"..."}
[2017-02-10 16:24:04] :: Request:
VPSProtocol=3.00&TxType=PAYMENT&Vendor=ohpopsicom&VendorTxCode=ohpopsicom-PAYMENT-1486743842-560121786&Amount=139.05&Currency=GBP&Description=Shopping at ohpopsi&BillingSurname=...&BillingFirstnames=...&BillingAddress1=...&BillingCity=...&BillingPostCode=...&BillingCountry=...&DeliverySurname=...&DeliveryFirstnames=...&DeliveryAddress1=...&DeliveryCity=...&DeliveryPostCode=...&DeliveryCountry=...&CustomerName=...&CustomerEMail=...&VendorEMail=...&SendEMail=...&eMailMessage=...&BillingAddress2=...&BillingPhone=...&ApplyAVSCV2=...&Apply3DSecure=...&AllowGiftAid=...&BillingAgreement=...&DeliveryAddress2=...&DeliveryPhone=...&BasketXML=...&SurchargeXML=...&CardType=...&CardNumber=...&ExpiryDate=...&CV2=...&CardHolder=...&AccountType=...
[2017-02-10 16:24:04] :: Response:
{"VPSProtocol":"VPSProtocol=3.00","Status":"Status=OK","StatusDetail":"StatusDetail=0000 : The Authorisation was Successful.","VPSTxId":"VPSTxId={900C4291-33DD-DC06-6A12-44127B317CA0}","SecurityKey":"...","TxAuthNo":"...","AVSCV2":"...","AddressResult":"...","PostCodeResult":"...","CV2Result":"...","3DSecureStatus":"...","DeclineCode":"...","ExpiryDate":"...","BankAuthCode":"..."}
[2017-02-10 16:28:48] :: Request:
VPSProtocol=3.00&TxType=PAYMENT&Vendor=ohpopsicom&VendorTxCode=ohpopsicom-PAYMENT-1486744126-548286319&Amount=139.05&Currency=GBP&Description=Shopping at ohpopsi&BillingSurname=...&BillingFirstnames=...&BillingAddress1=...&BillingCity=...&BillingPostCode=...&BillingCountry=...&DeliverySurname=...&DeliveryFirstnames=...&DeliveryAddress1=...&DeliveryCity=...&DeliveryPostCode=...&DeliveryCountry=...&CustomerName=...&CustomerEMail=...&VendorEMail=...&SendEMail=...&eMailMessage=...&BillingAddress2=...&BillingPhone=...&ApplyAVSCV2=...&Apply3DSecure=...&AllowGiftAid=...&BillingAgreement=...&DeliveryAddress2=...&DeliveryPhone=...&BasketXML=...&SurchargeXML=...&CardType=...&CardNumber=...&ExpiryDate=...&CV2=...&CardHolder=...&AccountType=...
[2017-02-10 16:28:48] :: Response:
{"VPSProtocol":"VPSProtocol=3.00","Status":"Status=OK","StatusDetail":"StatusDetail=0000 : The Authorisation was Successful.","VPSTxId":"VPSTxId={AA4473F2-1520-7F77-BD8A-050FDA481B3B}","SecurityKey":"...","TxAuthNo":"...","AVSCV2":"...","AddressResult":"...","PostCodeResult":"...","CV2Result":"...","3DSecureStatus":"...","DeclineCode":"...","ExpiryDate":"...","BankAuthCode":"..."}
[2017-02-17 15:43:34] :: Request:
VPSProtocol=3.00&TxType=PAYMENT&Vendor=ohpopsicom&VendorTxCode=ohpopsicom-PAYMENT-1487346213-467890065&Amount=844.28&Currency=GBP&Description=Shopping at ohpopsi&BillingSurname=...&BillingFirstnames=...&BillingAddress1=...&BillingCity=...&BillingPostCode=...&BillingCountry=...&DeliverySurname=...&DeliveryFirstnames=...&DeliveryAddress1=...&DeliveryCity=...&DeliveryPostCode=...&DeliveryCountry=...&CustomerName=...&CustomerEMail=...&VendorEMail=...&SendEMail=...&eMailMessage=...&BillingAddress2=...&BillingPhone=...&ApplyAVSCV2=...&Apply3DSecure=...&AllowGiftAid=...&BillingAgreement=...&DeliveryAddress2=...&DeliveryPhone=...&DeliveryState=...&BasketXML=...&SurchargeXML=...&CardType=...&CardNumber=...&ExpiryDate=...&CV2=...&CardHolder=...&AccountType=...
[2017-02-17 15:43:34] :: Response:
{"VPSProtocol":"VPSProtocol=3.00","Status":"Status=3DAUTH","StatusDetail":"StatusDetail=2007 : Please redirect your customer to the ACSURL, passing the MD and PaReq.","3DSecureStatus":"...","MD":"...","ACSURL":"...","PAReq":"..."}
[2017-02-17 15:43:50] :: Request:
PaRes=...&MD=...&MDX=...&vtx=...
[2017-02-17 15:43:50] :: Response:
{"VPSProtocol":"VPSProtocol=3.00","Status":"Status=OK","StatusDetail":"StatusDetail=0000 : The Authorisation was Successful.","VPSTxId":"VPSTxId={DF3D9C6E-0DCB-E39D-9986-58367DD0127C}","SecurityKey":"...","TxAuthNo":"...","AVSCV2":"...","AddressResult":"...","PostCodeResult":"...","CV2Result":"...","3DSecureStatus":"...","CAVV":"...","DeclineCode":"...","ExpiryDate":"...","BankAuthCode":"..."}
[2017-02-17 15:45:32] :: Request:
PaRes=...&MD=...&MDX=...&vtx=...
[2017-02-17 15:45:32] :: Response:
{"VPSProtocol":"VPSProtocol=3.00","Status":"Status=INVALID","StatusDetail":"StatusDetail=5036 : transaction not found"}
[2017-02-17 15:47:08] :: Request:
VPSProtocol=3.00&TxType=PAYMENT&Vendor=ohpopsicom&VendorTxCode=ohpopsicom-PAYMENT-1487346427-518364470&Amount=844.28&Currency=GBP&Description=Shopping at ohpopsi&BillingSurname=...&BillingFirstnames=...&BillingAddress1=...&BillingCity=...&BillingPostCode=...&BillingCountry=...&DeliverySurname=...&DeliveryFirstnames=...&DeliveryAddress1=...&DeliveryCity=...&DeliveryPostCode=...&DeliveryCountry=...&CustomerName=...&CustomerEMail=...&VendorEMail=...&SendEMail=...&eMailMessage=...&BillingAddress2=...&BillingPhone=...&ApplyAVSCV2=...&Apply3DSecure=...&AllowGiftAid=...&BillingAgreement=...&DeliveryAddress2=...&DeliveryPhone=...&DeliveryState=...&BasketXML=...&SurchargeXML=...&CardType=...&CardNumber=...&ExpiryDate=...&CV2=...&CardHolder=...&AccountType=...
[2017-02-17 15:47:08] :: Response:
{"VPSProtocol":"VPSProtocol=3.00","Status":"Status=3DAUTH","StatusDetail":"StatusDetail=2007 : Please redirect your customer to the ACSURL, passing the MD and PaReq.","3DSecureStatus":"...","MD":"...","ACSURL":"...","PAReq":"..."}
[2017-02-17 15:47:19] :: Request:
PaRes=...&MD=...&MDX=...&vtx=...
[2017-02-17 15:47:19] :: Response:
{"VPSProtocol":"VPSProtocol=3.00","Status":"Status=OK","StatusDetail":"StatusDetail=0000 : The Authorisation was Successful.","VPSTxId":"VPSTxId={9A808BC5-DB0D-05C0-658D-E5C598C528D2}","SecurityKey":"...","TxAuthNo":"...","AVSCV2":"...","AddressResult":"...","PostCodeResult":"...","CV2Result":"...","3DSecureStatus":"...","CAVV":"...","DeclineCode":"...","ExpiryDate":"...","BankAuthCode":"..."}
[2017-02-17 15:51:22] :: Request:
PaRes=...&MD=...&MDX=...&vtx=...
[2017-02-17 15:51:22] :: Response:
{"VPSProtocol":"VPSProtocol=3.00","Status":"Status=INVALID","StatusDetail":"StatusDetail=5036 : transaction not found"}
[2017-02-17 15:53:58] :: Request:
VPSProtocol=3.00&TxType=PAYMENT&Vendor=ohpopsicom&VendorTxCode=ohpopsicom-PAYMENT-1487346838-124195702&Amount=410.17&Currency=GBP&Description=Shopping at ohpopsi&BillingSurname=...&BillingFirstnames=...&BillingAddress1=...&BillingCity=...&BillingPostCode=...&BillingCountry=...&DeliverySurname=...&DeliveryFirstnames=...&DeliveryAddress1=...&DeliveryCity=...&DeliveryPostCode=...&DeliveryCountry=...&CustomerName=...&CustomerEMail=...&VendorEMail=...&SendEMail=...&eMailMessage=...&BillingAddress2=...&BillingPhone=...&ApplyAVSCV2=...&Apply3DSecure=...&AllowGiftAid=...&BillingAgreement=...&DeliveryAddress2=...&DeliveryPhone=...&DeliveryState=...&BasketXML=...&SurchargeXML=...&CardType=...&CardNumber=...&ExpiryDate=...&CV2=...&CardHolder=...&AccountType=...
[2017-02-17 15:53:58] :: Response:
{"VPSProtocol":"VPSProtocol=3.00","Status":"Status=3DAUTH","StatusDetail":"StatusDetail=2007 : Please redirect your customer to the ACSURL, passing the MD and PaReq.","3DSecureStatus":"...","MD":"...","ACSURL":"...","PAReq":"..."}
[2017-02-17 15:54:08] :: Request:
PaRes=...&MD=...&MDX=...&vtx=...
[2017-02-17 15:54:08] :: Response:
{"VPSProtocol":"VPSProtocol=3.00","Status":"Status=OK","StatusDetail":"StatusDetail=0000 : The Authorisation was Successful.","VPSTxId":"VPSTxId={4DDB0B98-160A-3803-0922-2DB3F1D626B7}","SecurityKey":"...","TxAuthNo":"...","AVSCV2":"...","AddressResult":"...","PostCodeResult":"...","CV2Result":"...","3DSecureStatus":"...","CAVV":"...","DeclineCode":"...","ExpiryDate":"...","BankAuthCode":"..."}
[2017-02-17 17:04:05] :: Request:
VPSProtocol=3.00&TxType=PAYMENT&Vendor=ohpopsicom&VendorTxCode=ohpopsicom-PAYMENT-1487351044-407305286&Amount=1157.14&Currency=GBP&Description=Shopping at ohpopsi&BillingSurname=...&BillingFirstnames=...&BillingAddress1=...&BillingCity=...&BillingPostCode=...&BillingCountry=...&DeliverySurname=...&DeliveryFirstnames=...&DeliveryAddress1=...&DeliveryCity=...&DeliveryPostCode=...&DeliveryCountry=...&CustomerName=...&CustomerEMail=...&VendorEMail=...&SendEMail=...&eMailMessage=...&BillingAddress2=...&BillingPhone=...&ApplyAVSCV2=...&Apply3DSecure=...&AllowGiftAid=...&BillingAgreement=...&BillingState=...&DeliveryAddress2=...&DeliveryPhone=...&BasketXML=...&SurchargeXML=...&CardType=...&CardNumber=...&ExpiryDate=...&CV2=...&CardHolder=...&AccountType=...
[2017-02-17 17:04:05] :: Response:
{"VPSProtocol":"VPSProtocol=3.00","Status":"Status=3DAUTH","StatusDetail":"StatusDetail=2007 : Please redirect your customer to the ACSURL, passing the MD and PaReq.","3DSecureStatus":"...","MD":"...","ACSURL":"...","PAReq":"..."}
[2017-02-17 17:04:15] :: Request:
PaRes=...&MD=...&MDX=...&vtx=...
[2017-02-17 17:04:15] :: Response:
{"VPSProtocol":"VPSProtocol=3.00","Status":"Status=OK","StatusDetail":"StatusDetail=0000 : The Authorisation was Successful.","VPSTxId":"VPSTxId={3E390018-C1C6-CDDC-6AC0-F8A068C20DC8}","SecurityKey":"...","TxAuthNo":"...","AVSCV2":"...","AddressResult":"...","PostCodeResult":"...","CV2Result":"...","3DSecureStatus":"...","CAVV":"...","DeclineCode":"...","ExpiryDate":"...","BankAuthCode":"..."}
[2017-02-27 12:05:05] :: Request:
VPSProtocol=3.00&TxType=PAYMENT&Vendor=ohpopsicom&VendorTxCode=ohpopsicom-PAYMENT-1488197103-323212251&Amount=115.88&Currency=GBP&Description=Shopping at ohpopsi&BillingSurname=...&BillingFirstnames=...&BillingAddress1=...&BillingCity=...&BillingPostCode=...&BillingCountry=...&DeliverySurname=...&DeliveryFirstnames=...&DeliveryAddress1=...&DeliveryCity=...&DeliveryPostCode=...&DeliveryCountry=...&CustomerName=...&CustomerEMail=...&VendorEMail=...&SendEMail=...&eMailMessage=...&BillingAddress2=...&BillingPhone=...&ApplyAVSCV2=...&Apply3DSecure=...&AllowGiftAid=...&BillingAgreement=...&BillingState=...&DeliveryAddress2=...&DeliveryPhone=...&BasketXML=...&SurchargeXML=...&CardType=...&CardNumber=...&ExpiryDate=...&CV2=...&CardHolder=...&AccountType=...
[2017-02-27 12:05:05] :: Response:
{"VPSProtocol":"VPSProtocol=3.00","Status":"Status=OK","StatusDetail":"StatusDetail=0000 : The Authorisation was Successful.","VPSTxId":"VPSTxId={0C6BB2CF-836B-3C00-2118-2F5A0C1D606C}","SecurityKey":"...","TxAuthNo":"...","AVSCV2":"...","AddressResult":"...","PostCodeResult":"...","CV2Result":"...","3DSecureStatus":"...","DeclineCode":"...","ExpiryDate":"...","BankAuthCode":"..."}
[2017-02-27 12:21:17] :: Request:
VPSProtocol=3.00&TxType=PAYMENT&Vendor=ohpopsicom&VendorTxCode=ohpopsicom-PAYMENT-1488198076-552401033&Amount=113.94&Currency=GBP&Description=Shopping at ohpopsi&BillingSurname=...&BillingFirstnames=...&BillingAddress1=...&BillingCity=...&BillingPostCode=...&BillingCountry=...&DeliverySurname=...&DeliveryFirstnames=...&DeliveryAddress1=...&DeliveryCity=...&DeliveryPostCode=...&DeliveryCountry=...&CustomerName=...&CustomerEMail=...&VendorEMail=...&SendEMail=...&eMailMessage=...&BillingAddress2=...&BillingPhone=...&ApplyAVSCV2=...&Apply3DSecure=...&AllowGiftAid=...&BillingAgreement=...&DeliveryAddress2=...&DeliveryPhone=...&DeliveryState=...&BasketXML=...&SurchargeXML=...&CardType=...&CardNumber=...&ExpiryDate=...&CV2=...&CardHolder=...&AccountType=...
[2017-02-27 12:21:17] :: Response:
{"VPSProtocol":"VPSProtocol=3.00","Status":"Status=OK","StatusDetail":"StatusDetail=0000 : The Authorisation was Successful.","VPSTxId":"VPSTxId={CF7C90F7-CC2E-135E-C3B8-2A33EC787B13}","SecurityKey":"...","TxAuthNo":"...","AVSCV2":"...","AddressResult":"...","PostCodeResult":"...","CV2Result":"...","3DSecureStatus":"...","DeclineCode":"...","ExpiryDate":"...","BankAuthCode":"..."}
[2017-02-27 15:20:41] :: Request:
VPSProtocol=3.00&TxType=PAYMENT&Vendor=ohpopsicom&VendorTxCode=ohpopsicom-PAYMENT-1488208839-43658707&Amount=71.94&Currency=GBP&Description=Shopping at ohpopsi&BillingSurname=...&BillingFirstnames=...&BillingAddress1=...&BillingCity=...&BillingPostCode=...&BillingCountry=...&DeliverySurname=...&DeliveryFirstnames=...&DeliveryAddress1=...&DeliveryCity=...&DeliveryPostCode=...&DeliveryCountry=...&CustomerName=...&CustomerEMail=...&VendorEMail=...&SendEMail=...&eMailMessage=...&BillingAddress2=...&BillingPhone=...&ApplyAVSCV2=...&Apply3DSecure=...&AllowGiftAid=...&BillingAgreement=...&DeliveryAddress2=...&DeliveryPhone=...&BasketXML=...&SurchargeXML=...&CardType=...&CardNumber=...&ExpiryDate=...&CV2=...&CardHolder=...&AccountType=...
[2017-02-27 15:20:41] :: Response:
{"VPSProtocol":"VPSProtocol=3.00","Status":"Status=OK","StatusDetail":"StatusDetail=0000 : The Authorisation was Successful.","VPSTxId":"VPSTxId={58494B47-A2DB-DD35-C82E-5D6406E0DC7F}","SecurityKey":"...","TxAuthNo":"...","AVSCV2":"...","AddressResult":"...","PostCodeResult":"...","CV2Result":"...","3DSecureStatus":"...","DeclineCode":"...","ExpiryDate":"...","BankAuthCode":"..."}
[2017-02-27 15:21:09] :: Request:
VPSProtocol=3.00&TxType=PAYMENT&Vendor=ohpopsicom&VendorTxCode=ohpopsicom-PAYMENT-1488208867-214020231&Amount=71.94&Currency=GBP&Description=Shopping at ohpopsi&BillingSurname=...&BillingFirstnames=...&BillingAddress1=...&BillingCity=...&BillingPostCode=...&BillingCountry=...&DeliverySurname=...&DeliveryFirstnames=...&DeliveryAddress1=...&DeliveryCity=...&DeliveryPostCode=...&DeliveryCountry=...&CustomerName=...&CustomerEMail=...&VendorEMail=...&SendEMail=...&eMailMessage=...&BillingAddress2=...&BillingPhone=...&ApplyAVSCV2=...&Apply3DSecure=...&AllowGiftAid=...&BillingAgreement=...&DeliveryAddress2=...&DeliveryPhone=...&BasketXML=...&SurchargeXML=...&CardType=...&CardNumber=...&ExpiryDate=...&CV2=...&CardHolder=...&AccountType=...
[2017-02-27 15:21:09] :: Response:
{"VPSProtocol":"VPSProtocol=3.00","Status":"Status=OK","StatusDetail":"StatusDetail=0000 : The Authorisation was Successful.","VPSTxId":"VPSTxId={6C0467A0-9B40-20B9-6289-3A86BB16F2FB}","SecurityKey":"...","TxAuthNo":"...","AVSCV2":"...","AddressResult":"...","PostCodeResult":"...","CV2Result":"...","3DSecureStatus":"...","DeclineCode":"...","ExpiryDate":"...","BankAuthCode":"..."}
[2017-02-27 15:23:03] :: Request:
VPSProtocol=3.00&TxType=PAYMENT&Vendor=ohpopsicom&VendorTxCode=ohpopsicom-PAYMENT-1488208981-348812839&Amount=71.94&Currency=GBP&Description=Shopping at ohpopsi&BillingSurname=...&BillingFirstnames=...&BillingAddress1=...&BillingCity=...&BillingPostCode=...&BillingCountry=...&DeliverySurname=...&DeliveryFirstnames=...&DeliveryAddress1=...&DeliveryCity=...&DeliveryPostCode=...&DeliveryCountry=...&CustomerName=...&CustomerEMail=...&VendorEMail=...&SendEMail=...&eMailMessage=...&BillingAddress2=...&BillingPhone=...&ApplyAVSCV2=...&Apply3DSecure=...&AllowGiftAid=...&BillingAgreement=...&DeliveryAddress2=...&DeliveryPhone=...&BasketXML=...&SurchargeXML=...&CardType=...&CardNumber=...&ExpiryDate=...&CV2=...&CardHolder=...&AccountType=...
[2017-02-27 15:23:03] :: Response:
{"VPSProtocol":"VPSProtocol=3.00","Status":"Status=OK","StatusDetail":"StatusDetail=0000 : The Authorisation was Successful.","VPSTxId":"VPSTxId={E30260AD-25E4-48C7-E376-DF2CECEB4A57}","SecurityKey":"...","TxAuthNo":"...","AVSCV2":"...","AddressResult":"...","PostCodeResult":"...","CV2Result":"...","3DSecureStatus":"...","DeclineCode":"...","ExpiryDate":"...","BankAuthCode":"..."}
[2017-02-28 17:56:17] :: Request:
VPSProtocol=3.00&TxType=PAYMENT&Vendor=ohpopsicom&VendorTxCode=ohpopsicom-PAYMENT-1488304575-484787886&Amount=364.12&Currency=GBP&Description=Shopping at ohpopsi&BillingSurname=...&BillingFirstnames=...&BillingAddress1=...&BillingCity=...&BillingPostCode=...&BillingCountry=...&DeliverySurname=...&DeliveryFirstnames=...&DeliveryAddress1=...&DeliveryCity=...&DeliveryPostCode=...&DeliveryCountry=...&CustomerName=...&CustomerEMail=...&VendorEMail=...&SendEMail=...&eMailMessage=...&BillingAddress2=...&BillingPhone=...&ApplyAVSCV2=...&Apply3DSecure=...&AllowGiftAid=...&BillingAgreement=...&DeliveryAddress2=...&DeliveryPhone=...&DeliveryState=...&BasketXML=...&SurchargeXML=...&CardType=...&CardNumber=...&ExpiryDate=...&CV2=...&CardHolder=...&AccountType=...
[2017-02-28 17:56:17] :: Response:
{"VPSProtocol":"VPSProtocol=3.00","Status":"Status=OK","StatusDetail":"StatusDetail=0000 : The Authorisation was Successful.","VPSTxId":"VPSTxId={7056728F-3BB8-B319-ECB4-7258EAE3AF75}","SecurityKey":"...","TxAuthNo":"...","AVSCV2":"...","AddressResult":"...","PostCodeResult":"...","CV2Result":"...","3DSecureStatus":"...","DeclineCode":"...","ExpiryDate":"...","BankAuthCode":"..."}
[2017-03-02 16:16:31] :: Request:
VPSProtocol=3.00&TxType=PAYMENT&Vendor=ohpopsicom&VendorTxCode=ohpopsicom-PAYMENT-1488471391-160076870&Amount=0.00&Currency=GBP&Description=Shopping at ohpopsi&BillingSurname=...&BillingFirstnames=...&BillingAddress1=...&BillingCity=...&BillingPostCode=...&BillingCountry=...&DeliverySurname=...&DeliveryFirstnames=...&DeliveryAddress1=...&DeliveryCity=...&DeliveryPostCode=...&DeliveryCountry=...&CustomerName=...&CustomerEMail=...&VendorEMail=...&SendEMail=...&eMailMessage=...&BillingAddress2=...&BillingPhone=...&ApplyAVSCV2=...&Apply3DSecure=...&AllowGiftAid=...&BillingAgreement=...&BillingState=...&DeliveryAddress2=...&DeliveryPhone=...&BasketXML=...&SurchargeXML=...&CardType=...&CardNumber=...&ExpiryDate=...&CV2=...&CardHolder=...&AccountType=...
[2017-03-02 16:16:31] :: Response:
{"VPSProtocol":"VPSProtocol=3.00","Status":"Status=INVALID","StatusDetail":"StatusDetail=4009 : The Amount including surcharge is outside the allowed range.","VPSTxId":"VPSTxId={F8FF04CA-B981-6547-14EA-DBB97570F6C5}","SecurityKey":"..."}
[2017-03-02 16:19:58] :: Request:
VPSProtocol=3.00&TxType=PAYMENT&Vendor=ohpopsicom&VendorTxCode=ohpopsicom-PAYMENT-1488471598-641781793&Amount=0.00&Currency=GBP&Description=Shopping at ohpopsi&BillingSurname=...&BillingFirstnames=...&BillingAddress1=...&BillingCity=...&BillingPostCode=...&BillingCountry=...&DeliverySurname=...&DeliveryFirstnames=...&DeliveryAddress1=...&DeliveryCity=...&DeliveryPostCode=...&DeliveryCountry=...&CustomerName=...&CustomerEMail=...&VendorEMail=...&SendEMail=...&eMailMessage=...&BillingAddress2=...&BillingPhone=...&ApplyAVSCV2=...&Apply3DSecure=...&AllowGiftAid=...&BillingAgreement=...&BillingState=...&DeliveryAddress2=...&DeliveryPhone=...&BasketXML=...&SurchargeXML=...&CardType=...&CardNumber=...&ExpiryDate=...&CV2=...&CardHolder=...&AccountType=...
[2017-03-02 16:19:58] :: Response:
{"VPSProtocol":"VPSProtocol=3.00","Status":"Status=INVALID","StatusDetail":"StatusDetail=4009 : The Amount including surcharge is outside the allowed range.","VPSTxId":"VPSTxId={97C85677-9A45-4C5E-F22E-F187492D0261}","SecurityKey":"..."}
[2017-03-02 16:25:00] :: Request:
VPSProtocol=3.00&TxType=PAYMENT&Vendor=ohpopsicom&VendorTxCode=ohpopsicom-PAYMENT-1488471899-470780837&Amount=0.00&Currency=GBP&Description=Shopping at ohpopsi&BillingSurname=...&BillingFirstnames=...&BillingAddress1=...&BillingCity=...&BillingPostCode=...&BillingCountry=...&DeliverySurname=...&DeliveryFirstnames=...&DeliveryAddress1=...&DeliveryCity=...&DeliveryPostCode=...&DeliveryCountry=...&CustomerName=...&CustomerEMail=...&VendorEMail=...&SendEMail=...&eMailMessage=...&BillingAddress2=...&BillingPhone=...&ApplyAVSCV2=...&Apply3DSecure=...&AllowGiftAid=...&BillingAgreement=...&BillingState=...&DeliveryAddress2=...&DeliveryPhone=...&BasketXML=...&SurchargeXML=...&CardType=...&CardNumber=...&ExpiryDate=...&CV2=...&CardHolder=...&AccountType=...
[2017-03-02 16:25:00] :: Response:
{"VPSProtocol":"VPSProtocol=3.00","Status":"Status=INVALID","StatusDetail":"StatusDetail=4009 : The Amount including surcharge is outside the allowed range.","VPSTxId":"VPSTxId={E826E1B2-91DA-18A1-57F4-6D4E39D3CA91}","SecurityKey":"..."}
[2017-03-02 16:55:12] :: Request:
VPSProtocol=3.00&TxType=PAYMENT&Vendor=ohpopsicom&VendorTxCode=ohpopsicom-PAYMENT-1488473712-506521729&Amount=0.00&Currency=GBP&Description=Shopping at ohpopsi&BillingSurname=...&BillingFirstnames=...&BillingAddress1=...&BillingCity=...&BillingPostCode=...&BillingCountry=...&DeliverySurname=...&DeliveryFirstnames=...&DeliveryAddress1=...&DeliveryCity=...&DeliveryPostCode=...&DeliveryCountry=...&CustomerName=...&CustomerEMail=...&VendorEMail=...&SendEMail=...&eMailMessage=...&BillingAddress2=...&BillingPhone=...&ApplyAVSCV2=...&Apply3DSecure=...&AllowGiftAid=...&BillingAgreement=...&BillingState=...&DeliveryAddress2=...&DeliveryPhone=...&BasketXML=...&SurchargeXML=...&CardType=...&CardNumber=...&ExpiryDate=...&CV2=...&CardHolder=...&AccountType=...
[2017-03-02 16:55:12] :: Response:
{"VPSProtocol":"VPSProtocol=3.00","Status":"Status=INVALID","StatusDetail":"StatusDetail=4009 : The Amount including surcharge is outside the allowed range.","VPSTxId":"VPSTxId={9AFC8000-C00A-C985-3287-A69FE9E134BE}","SecurityKey":"..."}
[2017-03-02 16:58:13] :: Request:
VPSProtocol=3.00&TxType=PAYMENT&Vendor=ohpopsicom&VendorTxCode=ohpopsicom-PAYMENT-1488473893-672908405&Amount=0.00&Currency=GBP&Description=Shopping at ohpopsi&BillingSurname=...&BillingFirstnames=...&BillingAddress1=...&BillingCity=...&BillingPostCode=...&BillingCountry=...&DeliverySurname=...&DeliveryFirstnames=...&DeliveryAddress1=...&DeliveryCity=...&DeliveryPostCode=...&DeliveryCountry=...&CustomerName=...&CustomerEMail=...&VendorEMail=...&SendEMail=...&eMailMessage=...&BillingAddress2=...&BillingPhone=...&ApplyAVSCV2=...&Apply3DSecure=...&AllowGiftAid=...&BillingAgreement=...&BillingState=...&DeliveryAddress2=...&DeliveryPhone=...&BasketXML=...&SurchargeXML=...&CardType=...&CardNumber=...&ExpiryDate=...&CV2=...&CardHolder=...&AccountType=...
[2017-03-02 16:58:13] :: Response:
{"VPSProtocol":"VPSProtocol=3.00","Status":"Status=INVALID","StatusDetail":"StatusDetail=4009 : The Amount including surcharge is outside the allowed range.","VPSTxId":"VPSTxId={93E22DE4-142D-38FC-87C4-B117CB50EFD8}","SecurityKey":"..."}
[2017-03-02 18:08:04] :: Request:
VPSProtocol=3.00&TxType=PAYMENT&Vendor=ohpopsicom&VendorTxCode=ohpopsicom-PAYMENT-1488478082-552738649&Amount=0.00&Currency=GBP&Description=Shopping at ohpopsi&BillingSurname=...&BillingFirstnames=...&BillingAddress1=...&BillingCity=...&BillingPostCode=...&BillingCountry=...&DeliverySurname=...&DeliveryFirstnames=...&DeliveryAddress1=...&DeliveryCity=...&DeliveryPostCode=...&DeliveryCountry=...&CustomerName=...&CustomerEMail=...&VendorEMail=...&SendEMail=...&eMailMessage=...&BillingAddress2=...&BillingPhone=...&ApplyAVSCV2=...&Apply3DSecure=...&AllowGiftAid=...&BillingAgreement=...&BillingState=...&DeliveryAddress2=...&DeliveryPhone=...&BasketXML=...&SurchargeXML=...&CardType=...&CardNumber=...&ExpiryDate=...&CV2=...&CardHolder=...&AccountType=...
[2017-03-02 18:08:04] :: Response:
{"VPSProtocol":"VPSProtocol=3.00","Status":"Status=INVALID","StatusDetail":"StatusDetail=4020 : Information received from an Invalid IP address.","VPSTxId":"VPSTxId={2C3E663D-C244-B249-9D2A-29EE92779C4C}","SecurityKey":"..."}
